[2024-05-09 11:08:23,892] INFO [SnapshotGenerator id=1] Creating new KRaft snapshot file snapshot 00000000000000014561-0000000001 because we have waited at least 60 minute(s). (org.apache.kafka.image.publisher.SnapshotGenerator)
[2024-05-09 11:08:24,012] INFO [SnapshotEmitter id=1] Successfully wrote snapshot 00000000000000014561-0000000001 (org.apache.kafka.image.publisher.SnapshotEmitter)
[2024-05-09 11:47:27,429] INFO Terminating process due to signal SIGINT (org.apache.kafka.common.utils.LoggingSignalHandler)
[2024-05-09 11:47:27,483] INFO [BrokerServer id=1] Transition from STARTED to SHUTTING_DOWN (kafka.server.BrokerServer)
[2024-05-09 11:47:27,484] INFO [BrokerServer id=1] shutting down (kafka.server.BrokerServer)
[2024-05-09 11:47:27,499] INFO [BrokerLifecycleManager id=1] Beginning controlled shutdown. (kafka.server.BrokerLifecycleManager)
[2024-05-09 11:47:27,609] INFO [BrokerLifecycleManager id=1] The broker is in PENDING_CONTROLLED_SHUTDOWN state, still waiting for the active controller. (kafka.server.BrokerLifecycleManager)
[2024-05-09 11:47:27,660] INFO [ReplicaFetcherManager on broker 1] Removed fetcher for partitions HashSet(__consumer_offsets-25, __transaction_state-6, __transaction_state-18, __consumer_offsets-22, __transaction_state-42, __consumer_offsets-30, __transaction_state-31, __transaction_state-45, connect-offsets-20, __transaction_state-15, __transaction_state-12, __consumer_offsets-8, __consumer_offsets-21, __consumer_offsets-4, __transaction_state-7, _confluent-ksql-default__command_topic-0, __transaction_state-46, __consumer_offsets-27, __consumer_offsets-7, __transaction_state-48, __consumer_offsets-9, __transaction_state-49, __consumer_offsets-46, connect-offsets-7, connect-offsets-24, connect-offsets-16, connect-status-4, __consumer_offsets-35, __transaction_state-28, __transaction_state-2, __transaction_state-20, __transaction_state-24, __consumer_offsets-41, __consumer_offsets-33, __consumer_offsets-23, __transaction_state-13, __consumer_offsets-49, connect-offsets-3, connect-offsets-21, __transaction_state-0, connect-offsets-11, __consumer_offsets-47, connect-offsets-6, __consumer_offsets-16, __transaction_state-37, default_ksql_processing_log-0, connect-configs-0, __consumer_offsets-28, __transaction_state-3, __consumer_offsets-31, __transaction_state-21, __consumer_offsets-36, __transaction_state-29, connect-status-3, __consumer_offsets-42, __consumer_offsets-3, __consumer_offsets-18, __transaction_state-39, connect-offsets-17, __consumer_offsets-37, __transaction_state-38, connect-offsets-10, __consumer_offsets-15, __consumer_offsets-24, connect-offsets-2, __transaction_state-14, __transaction_state-10, __transaction_state-44, __transaction_state-9, connect-offsets-18, connect-offsets-23, __transaction_state-22, connect-status-2, __transaction_state-43, __transaction_state-4, __transaction_state-30, __transaction_state-33, __consumer_offsets-38, __consumer_offsets-48, __consumer_offsets-17, __transaction_state-32, __transaction_state-25, __transaction_state-17, __consumer_offsets-19, __consumer_offsets-11, connect-offsets-15, __transaction_state-23, __transaction_state-47, __consumer_offsets-13, __consumer_offsets-2, __consumer_offsets-6, __consumer_offsets-14, connect-offsets-12, connect-offsets-4, __consumer_offsets-43, __transaction_state-26, connect-offsets-5, connect-offsets-13, __transaction_state-36, __transaction_state-5, __transaction_state-8, connect-offsets-14, connect-offsets-0, __consumer_offsets-0, __consumer_offsets-44, __transaction_state-11, connect-offsets-8, connect-status-0, __consumer_offsets-20, __transaction_state-16, __consumer_offsets-39, __consumer_offsets-12, __transaction_state-40, __consumer_offsets-45, __consumer_offsets-1, __consumer_offsets-5, __consumer_offsets-26, __transaction_state-19, connect-offsets-9, __transaction_state-27, connect-status-1, connect-offsets-1, __consumer_offsets-34, __consumer_offsets-29, __transaction_state-41, connect-offsets-19, connect-offsets-22, __transaction_state-1, __consumer_offsets-10, __consumer_offsets-32, __transaction_state-34, __transaction_state-35, __consumer_offsets-40) (kafka.server.ReplicaFetcherManager)
[2024-05-09 11:47:27,661] INFO [ReplicaAlterLogDirsManager on broker 1] Removed fetcher for partitions HashSet(__consumer_offsets-25, __transaction_state-6, __transaction_state-18, __consumer_offsets-22, __transaction_state-42, __consumer_offsets-30, __transaction_state-31, __transaction_state-45, connect-offsets-20, __transaction_state-15, __transaction_state-12, __consumer_offsets-8, __consumer_offsets-21, __consumer_offsets-4, __transaction_state-7, _confluent-ksql-default__command_topic-0, __transaction_state-46, __consumer_offsets-27, __consumer_offsets-7, __transaction_state-48, __consumer_offsets-9, __transaction_state-49, __consumer_offsets-46, connect-offsets-7, connect-offsets-24, connect-offsets-16, connect-status-4, __consumer_offsets-35, __transaction_state-28, __transaction_state-2, __transaction_state-20, __transaction_state-24, __consumer_offsets-41, __consumer_offsets-33, __consumer_offsets-23, __transaction_state-13, __consumer_offsets-49, connect-offsets-3, connect-offsets-21, __transaction_state-0, connect-offsets-11, __consumer_offsets-47, connect-offsets-6, __consumer_offsets-16, __transaction_state-37, default_ksql_processing_log-0, connect-configs-0, __consumer_offsets-28, __transaction_state-3, __consumer_offsets-31, __transaction_state-21, __consumer_offsets-36, __transaction_state-29, connect-status-3, __consumer_offsets-42, __consumer_offsets-3, __consumer_offsets-18, __transaction_state-39, connect-offsets-17, __consumer_offsets-37, __transaction_state-38, connect-offsets-10, __consumer_offsets-15, __consumer_offsets-24, connect-offsets-2, __transaction_state-14, __transaction_state-10, __transaction_state-44, __transaction_state-9, connect-offsets-18, connect-offsets-23, __transaction_state-22, connect-status-2, __transaction_state-43, __transaction_state-4, __transaction_state-30, __transaction_state-33, __consumer_offsets-38, __consumer_offsets-48, __consumer_offsets-17, __transaction_state-32, __transaction_state-25, __transaction_state-17, __consumer_offsets-19, __consumer_offsets-11, connect-offsets-15, __transaction_state-23, __transaction_state-47, __consumer_offsets-13, __consumer_offsets-2, __consumer_offsets-6, __consumer_offsets-14, connect-offsets-12, connect-offsets-4, __consumer_offsets-43, __transaction_state-26, connect-offsets-5, connect-offsets-13, __transaction_state-36, __transaction_state-5, __transaction_state-8, connect-offsets-14, connect-offsets-0, __consumer_offsets-0, __consumer_offsets-44, __transaction_state-11, connect-offsets-8, connect-status-0, __consumer_offsets-20, __transaction_state-16, __consumer_offsets-39, __consumer_offsets-12, __transaction_state-40, __consumer_offsets-45, __consumer_offsets-1, __consumer_offsets-5, __consumer_offsets-26, __transaction_state-19, connect-offsets-9, __transaction_state-27, connect-status-1, connect-offsets-1, __consumer_offsets-34, __consumer_offsets-29, __transaction_state-41, connect-offsets-19, connect-offsets-22, __transaction_state-1, __consumer_offsets-10, __consumer_offsets-32, __transaction_state-34, __transaction_state-35, __consumer_offsets-40) (kafka.server.ReplicaAlterLogDirsManager)
[2024-05-09 11:47:27,695] INFO [BrokerLifecycleManager id=1] The controller has asked us to exit controlled shutdown. (kafka.server.BrokerLifecycleManager)
[2024-05-09 11:47:27,695] INFO [BrokerLifecycleManager id=1] beginShutdown: shutting down event queue. (org.apache.kafka.queue.KafkaEventQueue)
[2024-05-09 11:47:27,696] INFO [GroupCoordinator 1]: Resigned as the group coordinator for partition 13 in epoch OptionalInt[1] (kafka.coordinator.group.GroupCoordinator)
[2024-05-09 11:47:27,697] INFO [BrokerLifecycleManager id=1] Transitioning from PENDING_CONTROLLED_SHUTDOWN to SHUTTING_DOWN. (kafka.server.BrokerLifecycleManager)
[2024-05-09 11:47:27,697] INFO [broker-1-to-controller-heartbeat-channel-manager]: Shutting down (kafka.server.NodeToControllerRequestThread)
[2024-05-09 11:47:27,698] INFO [broker-1-to-controller-heartbeat-channel-manager]: Stopped (kafka.server.NodeToControllerRequestThread)
[2024-05-09 11:47:27,698] INFO [broker-1-to-controller-heartbeat-channel-manager]: Shutdown completed (kafka.server.NodeToControllerRequestThread)
[2024-05-09 11:47:27,698] INFO [GroupMetadataManager brokerId=1] Scheduling unloading of offsets and group metadata from __consumer_offsets-13 (kafka.coordinator.group.GroupMetadataManager)
[2024-05-09 11:47:27,699] INFO [GroupCoordinator 1]: Resigned as the group coordinator for partition 46 in epoch OptionalInt[1] (kafka.coordinator.group.GroupCoordinator)
[2024-05-09 11:47:27,699] INFO [GroupMetadataManager brokerId=1] Scheduling unloading of offsets and group metadata from __consumer_offsets-46 (kafka.coordinator.group.GroupMetadataManager)
[2024-05-09 11:47:27,699] INFO [GroupCoordinator 1]: Resigned as the group coordinator for partition 9 in epoch OptionalInt[1] (kafka.coordinator.group.GroupCoordinator)
[2024-05-09 11:47:27,699] INFO [GroupMetadataManager brokerId=1] Scheduling unloading of offsets and group metadata from __consumer_offsets-9 (kafka.coordinator.group.GroupMetadataManager)
[2024-05-09 11:47:27,699] INFO [GroupCoordinator 1]: Resigned as the group coordinator for partition 42 in epoch OptionalInt[1] (kafka.coordinator.group.GroupCoordinator)
[2024-05-09 11:47:27,699] INFO [GroupMetadataManager brokerId=1] Scheduling unloading of offsets and group metadata from __consumer_offsets-42 (kafka.coordinator.group.GroupMetadataManager)
[2024-05-09 11:47:27,699] INFO [GroupCoordinator 1]: Resigned as the group coordinator for partition 21 in epoch OptionalInt[1] (kafka.coordinator.group.GroupCoordinator)
[2024-05-09 11:47:27,699] INFO [GroupMetadataManager brokerId=1] Scheduling unloading of offsets and group metadata from __consumer_offsets-21 (kafka.coordinator.group.GroupMetadataManager)
[2024-05-09 11:47:27,699] INFO [GroupCoordinator 1]: Resigned as the group coordinator for partition 17 in epoch OptionalInt[1] (kafka.coordinator.group.GroupCoordinator)
[2024-05-09 11:47:27,699] INFO [GroupMetadataManager brokerId=1] Scheduling unloading of offsets and group metadata from __consumer_offsets-17 (kafka.coordinator.group.GroupMetadataManager)
[2024-05-09 11:47:27,699] INFO [GroupCoordinator 1]: Resigned as the group coordinator for partition 30 in epoch OptionalInt[1] (kafka.coordinator.group.GroupCoordinator)
[2024-05-09 11:47:27,700] INFO [GroupMetadataManager brokerId=1] Scheduling unloading of offsets and group metadata from __consumer_offsets-30 (kafka.coordinator.group.GroupMetadataManager)
[2024-05-09 11:47:27,700] INFO [GroupCoordinator 1]: Resigned as the group coordinator for partition 26 in epoch OptionalInt[1] (kafka.coordinator.group.GroupCoordinator)
[2024-05-09 11:47:27,700] INFO [GroupMetadataManager brokerId=1] Scheduling unloading of offsets and group metadata from __consumer_offsets-26 (kafka.coordinator.group.GroupMetadataManager)
[2024-05-09 11:47:27,700] INFO [GroupCoordinator 1]: Resigned as the group coordinator for partition 5 in epoch OptionalInt[1] (kafka.coordinator.group.GroupCoordinator)
[2024-05-09 11:47:27,700] INFO [GroupMetadataManager brokerId=1] Scheduling unloading of offsets and group metadata from __consumer_offsets-5 (kafka.coordinator.group.GroupMetadataManager)
[2024-05-09 11:47:27,700] INFO [GroupCoordinator 1]: Resigned as the group coordinator for partition 38 in epoch OptionalInt[1] (kafka.coordinator.group.GroupCoordinator)
[2024-05-09 11:47:27,700] INFO [GroupMetadataManager brokerId=1] Scheduling unloading of offsets and group metadata from __consumer_offsets-38 (kafka.coordinator.group.GroupMetadataManager)
[2024-05-09 11:47:27,700] INFO [GroupCoordinator 1]: Resigned as the group coordinator for partition 1 in epoch OptionalInt[1] (kafka.coordinator.group.GroupCoordinator)
[2024-05-09 11:47:27,700] INFO [GroupMetadataManager brokerId=1] Scheduling unloading of offsets and group metadata from __consumer_offsets-1 (kafka.coordinator.group.GroupMetadataManager)
[2024-05-09 11:47:27,700] INFO [GroupCoordinator 1]: Resigned as the group coordinator for partition 34 in epoch OptionalInt[1] (kafka.coordinator.group.GroupCoordinator)
[2024-05-09 11:47:27,700] INFO [GroupMetadataManager brokerId=1] Scheduling unloading of offsets and group metadata from __consumer_offsets-34 (kafka.coordinator.group.GroupMetadataManager)
[2024-05-09 11:47:27,700] INFO [GroupCoordinator 1]: Resigned as the group coordinator for partition 16 in epoch OptionalInt[1] (kafka.coordinator.group.GroupCoordinator)
[2024-05-09 11:47:27,700] INFO [GroupMetadataManager brokerId=1] Scheduling unloading of offsets and group metadata from __consumer_offsets-16 (kafka.coordinator.group.GroupMetadataManager)
[2024-05-09 11:47:27,700] INFO [GroupCoordinator 1]: Resigned as the group coordinator for partition 45 in epoch OptionalInt[1] (kafka.coordinator.group.GroupCoordinator)
[2024-05-09 11:47:27,700] INFO [GroupMetadataManager brokerId=1] Scheduling unloading of offsets and group metadata from __consumer_offsets-45 (kafka.coordinator.group.GroupMetadataManager)
[2024-05-09 11:47:27,700] INFO [GroupCoordinator 1]: Resigned as the group coordinator for partition 12 in epoch OptionalInt[1] (kafka.coordinator.group.GroupCoordinator)
[2024-05-09 11:47:27,700] INFO [GroupMetadataManager brokerId=1] Scheduling unloading of offsets and group metadata from __consumer_offsets-12 (kafka.coordinator.group.GroupMetadataManager)
[2024-05-09 11:47:27,700] INFO [GroupCoordinator 1]: Resigned as the group coordinator for partition 41 in epoch OptionalInt[1] (kafka.coordinator.group.GroupCoordinator)
[2024-05-09 11:47:27,700] INFO [GroupMetadataManager brokerId=1] Scheduling unloading of offsets and group metadata from __consumer_offsets-41 (kafka.coordinator.group.GroupMetadataManager)
[2024-05-09 11:47:27,700] INFO [GroupCoordinator 1]: Resigned as the group coordinator for partition 24 in epoch OptionalInt[1] (kafka.coordinator.group.GroupCoordinator)
[2024-05-09 11:47:27,700] INFO [GroupMetadataManager brokerId=1] Scheduling unloading of offsets and group metadata from __consumer_offsets-24 (kafka.coordinator.group.GroupMetadataManager)
[2024-05-09 11:47:27,700] INFO [GroupCoordinator 1]: Resigned as the group coordinator for partition 20 in epoch OptionalInt[1] (kafka.coordinator.group.GroupCoordinator)
[2024-05-09 11:47:27,700] INFO [GroupMetadataManager brokerId=1] Scheduling unloading of offsets and group metadata from __consumer_offsets-20 (kafka.coordinator.group.GroupMetadataManager)
[2024-05-09 11:47:27,700] INFO [GroupCoordinator 1]: Resigned as the group coordinator for partition 49 in epoch OptionalInt[1] (kafka.coordinator.group.GroupCoordinator)
[2024-05-09 11:47:27,700] INFO [GroupMetadataManager brokerId=1] Scheduling unloading of offsets and group metadata from __consumer_offsets-49 (kafka.coordinator.group.GroupMetadataManager)
[2024-05-09 11:47:27,701] INFO [GroupCoordinator 1]: Resigned as the group coordinator for partition 0 in epoch OptionalInt[1] (kafka.coordinator.group.GroupCoordinator)
[2024-05-09 11:47:27,701] INFO [GroupMetadataManager brokerId=1] Scheduling unloading of offsets and group metadata from __consumer_offsets-0 (kafka.coordinator.group.GroupMetadataManager)
[2024-05-09 11:47:27,701] INFO [GroupCoordinator 1]: Resigned as the group coordinator for partition 29 in epoch OptionalInt[1] (kafka.coordinator.group.GroupCoordinator)
[2024-05-09 11:47:27,701] INFO [GroupMetadataManager brokerId=1] Scheduling unloading of offsets and group metadata from __consumer_offsets-29 (kafka.coordinator.group.GroupMetadataManager)
[2024-05-09 11:47:27,701] INFO [GroupCoordinator 1]: Resigned as the group coordinator for partition 25 in epoch OptionalInt[1] (kafka.coordinator.group.GroupCoordinator)
[2024-05-09 11:47:27,701] INFO [GroupMetadataManager brokerId=1] Scheduling unloading of offsets and group metadata from __consumer_offsets-25 (kafka.coordinator.group.GroupMetadataManager)
[2024-05-09 11:47:27,701] INFO [GroupCoordinator 1]: Resigned as the group coordinator for partition 8 in epoch OptionalInt[1] (kafka.coordinator.group.GroupCoordinator)
[2024-05-09 11:47:27,701] INFO [GroupMetadataManager brokerId=1] Scheduling unloading of offsets and group metadata from __consumer_offsets-8 (kafka.coordinator.group.GroupMetadataManager)
[2024-05-09 11:47:27,701] INFO [GroupCoordinator 1]: Resigned as the group coordinator for partition 37 in epoch OptionalInt[1] (kafka.coordinator.group.GroupCoordinator)
[2024-05-09 11:47:27,701] INFO [GroupMetadataManager brokerId=1] Scheduling unloading of offsets and group metadata from __consumer_offsets-37 (kafka.coordinator.group.GroupMetadataManager)
[2024-05-09 11:47:27,701] INFO [GroupCoordinator 1]: Resigned as the group coordinator for partition 4 in epoch OptionalInt[1] (kafka.coordinator.group.GroupCoordinator)
[2024-05-09 11:47:27,701] INFO [GroupMetadataManager brokerId=1] Scheduling unloading of offsets and group metadata from __consumer_offsets-4 (kafka.coordinator.group.GroupMetadataManager)
[2024-05-09 11:47:27,701] INFO [GroupCoordinator 1]: Resigned as the group coordinator for partition 33 in epoch OptionalInt[1] (kafka.coordinator.group.GroupCoordinator)
[2024-05-09 11:47:27,701] INFO [GroupMetadataManager brokerId=1] Scheduling unloading of offsets and group metadata from __consumer_offsets-33 (kafka.coordinator.group.GroupMetadataManager)
[2024-05-09 11:47:27,701] INFO [GroupCoordinator 1]: Resigned as the group coordinator for partition 15 in epoch OptionalInt[1] (kafka.coordinator.group.GroupCoordinator)
[2024-05-09 11:47:27,701] INFO [GroupMetadataManager brokerId=1] Scheduling unloading of offsets and group metadata from __consumer_offsets-15 (kafka.coordinator.group.GroupMetadataManager)
[2024-05-09 11:47:27,701] INFO [GroupCoordinator 1]: Resigned as the group coordinator for partition 48 in epoch OptionalInt[1] (kafka.coordinator.group.GroupCoordinator)
[2024-05-09 11:47:27,701] INFO [GroupMetadataManager brokerId=1] Scheduling unloading of offsets and group metadata from __consumer_offsets-48 (kafka.coordinator.group.GroupMetadataManager)
[2024-05-09 11:47:27,701] INFO [GroupCoordinator 1]: Resigned as the group coordinator for partition 11 in epoch OptionalInt[1] (kafka.coordinator.group.GroupCoordinator)
[2024-05-09 11:47:27,701] INFO [GroupMetadataManager brokerId=1] Scheduling unloading of offsets and group metadata from __consumer_offsets-11 (kafka.coordinator.group.GroupMetadataManager)
[2024-05-09 11:47:27,701] INFO [GroupCoordinator 1]: Resigned as the group coordinator for partition 44 in epoch OptionalInt[1] (kafka.coordinator.group.GroupCoordinator)
[2024-05-09 11:47:27,701] INFO [GroupMetadataManager brokerId=1] Scheduling unloading of offsets and group metadata from __consumer_offsets-44 (kafka.coordinator.group.GroupMetadataManager)
[2024-05-09 11:47:27,701] INFO [GroupCoordinator 1]: Resigned as the group coordinator for partition 23 in epoch OptionalInt[1] (kafka.coordinator.group.GroupCoordinator)
[2024-05-09 11:47:27,702] INFO [GroupMetadataManager brokerId=1] Scheduling unloading of offsets and group metadata from __consumer_offsets-23 (kafka.coordinator.group.GroupMetadataManager)
[2024-05-09 11:47:27,702] INFO [GroupCoordinator 1]: Resigned as the group coordinator for partition 19 in epoch OptionalInt[1] (kafka.coordinator.group.GroupCoordinator)
[2024-05-09 11:47:27,702] INFO [GroupMetadataManager brokerId=1] Scheduling unloading of offsets and group metadata from __consumer_offsets-19 (kafka.coordinator.group.GroupMetadataManager)
[2024-05-09 11:47:27,702] INFO [GroupCoordinator 1]: Resigned as the group coordinator for partition 32 in epoch OptionalInt[1] (kafka.coordinator.group.GroupCoordinator)
[2024-05-09 11:47:27,702] INFO [GroupMetadataManager brokerId=1] Scheduling unloading of offsets and group metadata from __consumer_offsets-32 (kafka.coordinator.group.GroupMetadataManager)
[2024-05-09 11:47:27,702] INFO [GroupCoordinator 1]: Resigned as the group coordinator for partition 28 in epoch OptionalInt[1] (kafka.coordinator.group.GroupCoordinator)
[2024-05-09 11:47:27,702] INFO [GroupMetadataManager brokerId=1] Scheduling unloading of offsets and group metadata from __consumer_offsets-28 (kafka.coordinator.group.GroupMetadataManager)
[2024-05-09 11:47:27,702] INFO [GroupCoordinator 1]: Resigned as the group coordinator for partition 7 in epoch OptionalInt[1] (kafka.coordinator.group.GroupCoordinator)
[2024-05-09 11:47:27,702] INFO [GroupMetadataManager brokerId=1] Scheduling unloading of offsets and group metadata from __consumer_offsets-7 (kafka.coordinator.group.GroupMetadataManager)
[2024-05-09 11:47:27,702] INFO [GroupCoordinator 1]: Resigned as the group coordinator for partition 40 in epoch OptionalInt[1] (kafka.coordinator.group.GroupCoordinator)
[2024-05-09 11:47:27,702] INFO [GroupMetadataManager brokerId=1] Scheduling unloading of offsets and group metadata from __consumer_offsets-40 (kafka.coordinator.group.GroupMetadataManager)
[2024-05-09 11:47:27,702] INFO [GroupCoordinator 1]: Resigned as the group coordinator for partition 3 in epoch OptionalInt[1] (kafka.coordinator.group.GroupCoordinator)
[2024-05-09 11:47:27,702] INFO [GroupMetadataManager brokerId=1] Scheduling unloading of offsets and group metadata from __consumer_offsets-3 (kafka.coordinator.group.GroupMetadataManager)
[2024-05-09 11:47:27,702] INFO [GroupCoordinator 1]: Resigned as the group coordinator for partition 36 in epoch OptionalInt[1] (kafka.coordinator.group.GroupCoordinator)
[2024-05-09 11:47:27,702] INFO [GroupMetadataManager brokerId=1] Scheduling unloading of offsets and group metadata from __consumer_offsets-36 (kafka.coordinator.group.GroupMetadataManager)
[2024-05-09 11:47:27,702] INFO [GroupCoordinator 1]: Resigned as the group coordinator for partition 47 in epoch OptionalInt[1] (kafka.coordinator.group.GroupCoordinator)
[2024-05-09 11:47:27,702] INFO [GroupMetadataManager brokerId=1] Scheduling unloading of offsets and group metadata from __consumer_offsets-47 (kafka.coordinator.group.GroupMetadataManager)
[2024-05-09 11:47:27,702] INFO [GroupCoordinator 1]: Resigned as the group coordinator for partition 14 in epoch OptionalInt[1] (kafka.coordinator.group.GroupCoordinator)
[2024-05-09 11:47:27,702] INFO [GroupMetadataManager brokerId=1] Scheduling unloading of offsets and group metadata from __consumer_offsets-14 (kafka.coordinator.group.GroupMetadataManager)
[2024-05-09 11:47:27,702] INFO [GroupCoordinator 1]: Resigned as the group coordinator for partition 43 in epoch OptionalInt[1] (kafka.coordinator.group.GroupCoordinator)
[2024-05-09 11:47:27,702] INFO [GroupMetadataManager brokerId=1] Scheduling unloading of offsets and group metadata from __consumer_offsets-43 (kafka.coordinator.group.GroupMetadataManager)
[2024-05-09 11:47:27,702] INFO [GroupCoordinator 1]: Resigned as the group coordinator for partition 10 in epoch OptionalInt[1] (kafka.coordinator.group.GroupCoordinator)
[2024-05-09 11:47:27,702] INFO [GroupMetadataManager brokerId=1] Scheduling unloading of offsets and group metadata from __consumer_offsets-10 (kafka.coordinator.group.GroupMetadataManager)
[2024-05-09 11:47:27,702] INFO [GroupCoordinator 1]: Resigned as the group coordinator for partition 22 in epoch OptionalInt[1] (kafka.coordinator.group.GroupCoordinator)
[2024-05-09 11:47:27,702] INFO [GroupMetadataManager brokerId=1] Scheduling unloading of offsets and group metadata from __consumer_offsets-22 (kafka.coordinator.group.GroupMetadataManager)
[2024-05-09 11:47:27,702] INFO [GroupCoordinator 1]: Resigned as the group coordinator for partition 18 in epoch OptionalInt[1] (kafka.coordinator.group.GroupCoordinator)
[2024-05-09 11:47:27,702] INFO [GroupMetadataManager brokerId=1] Scheduling unloading of offsets and group metadata from __consumer_offsets-18 (kafka.coordinator.group.GroupMetadataManager)
[2024-05-09 11:47:27,703] INFO [GroupCoordinator 1]: Resigned as the group coordinator for partition 31 in epoch OptionalInt[1] (kafka.coordinator.group.GroupCoordinator)
[2024-05-09 11:47:27,703] INFO [GroupMetadataManager brokerId=1] Scheduling unloading of offsets and group metadata from __consumer_offsets-31 (kafka.coordinator.group.GroupMetadataManager)
[2024-05-09 11:47:27,703] INFO [GroupCoordinator 1]: Resigned as the group coordinator for partition 27 in epoch OptionalInt[1] (kafka.coordinator.group.GroupCoordinator)
[2024-05-09 11:47:27,703] INFO [GroupMetadataManager brokerId=1] Scheduling unloading of offsets and group metadata from __consumer_offsets-27 (kafka.coordinator.group.GroupMetadataManager)
[2024-05-09 11:47:27,703] INFO [GroupCoordinator 1]: Resigned as the group coordinator for partition 39 in epoch OptionalInt[1] (kafka.coordinator.group.GroupCoordinator)
[2024-05-09 11:47:27,703] INFO [GroupMetadataManager brokerId=1] Scheduling unloading of offsets and group metadata from __consumer_offsets-39 (kafka.coordinator.group.GroupMetadataManager)
[2024-05-09 11:47:27,703] INFO [GroupCoordinator 1]: Resigned as the group coordinator for partition 6 in epoch OptionalInt[1] (kafka.coordinator.group.GroupCoordinator)
[2024-05-09 11:47:27,703] INFO [GroupMetadataManager brokerId=1] Scheduling unloading of offsets and group metadata from __consumer_offsets-6 (kafka.coordinator.group.GroupMetadataManager)
[2024-05-09 11:47:27,703] INFO [GroupCoordinator 1]: Resigned as the group coordinator for partition 35 in epoch OptionalInt[1] (kafka.coordinator.group.GroupCoordinator)
[2024-05-09 11:47:27,703] INFO [GroupMetadataManager brokerId=1] Scheduling unloading of offsets and group metadata from __consumer_offsets-35 (kafka.coordinator.group.GroupMetadataManager)
[2024-05-09 11:47:27,703] INFO [GroupCoordinator 1]: Resigned as the group coordinator for partition 2 in epoch OptionalInt[1] (kafka.coordinator.group.GroupCoordinator)
[2024-05-09 11:47:27,703] INFO [GroupMetadataManager brokerId=1] Scheduling unloading of offsets and group metadata from __consumer_offsets-2 (kafka.coordinator.group.GroupMetadataManager)
[2024-05-09 11:47:27,703] INFO [SocketServer listenerType=BROKER, nodeId=1] Stopping socket server request processors (kafka.network.SocketServer)
[2024-05-09 11:47:27,704] INFO [TransactionCoordinator id=1] Resigned as the txn coordinator for partition 42 at epoch Some(1) (kafka.coordinator.transaction.TransactionCoordinator)
[2024-05-09 11:47:27,707] INFO [GroupCoordinator 1]: Unloading group metadata for connect-cluster with generation 37 (kafka.coordinator.group.GroupCoordinator)
[2024-05-09 11:47:27,708] INFO [Transaction State Manager 1]: Unloaded transaction metadata TxnMetadataCacheEntry(coordinatorEpoch=0, numTransactionalEntries=0) for __transaction_state-42 on become-follower transition (kafka.coordinator.transaction.TransactionStateManager)
[2024-05-09 11:47:27,709] INFO [TransactionCoordinator id=1] Resigned as the txn coordinator for partition 13 at epoch Some(1) (kafka.coordinator.transaction.TransactionCoordinator)
[2024-05-09 11:47:27,709] INFO [Transaction State Manager 1]: Unloaded transaction metadata TxnMetadataCacheEntry(coordinatorEpoch=0, numTransactionalEntries=0) for __transaction_state-13 on become-follower transition (kafka.coordinator.transaction.TransactionStateManager)
[2024-05-09 11:47:27,710] INFO [TransactionCoordinator id=1] Resigned as the txn coordinator for partition 46 at epoch Some(1) (kafka.coordinator.transaction.TransactionCoordinator)
[2024-05-09 11:47:27,710] INFO [Transaction State Manager 1]: Unloaded transaction metadata TxnMetadataCacheEntry(coordinatorEpoch=0, numTransactionalEntries=0) for __transaction_state-46 on become-follower transition (kafka.coordinator.transaction.TransactionStateManager)
[2024-05-09 11:47:27,710] INFO [TransactionCoordinator id=1] Resigned as the txn coordinator for partition 17 at epoch Some(1) (kafka.coordinator.transaction.TransactionCoordinator)
[2024-05-09 11:47:27,710] INFO [Transaction State Manager 1]: Unloaded transaction metadata TxnMetadataCacheEntry(coordinatorEpoch=0, numTransactionalEntries=0) for __transaction_state-17 on become-follower transition (kafka.coordinator.transaction.TransactionStateManager)
[2024-05-09 11:47:27,710] INFO [TransactionCoordinator id=1] Resigned as the txn coordinator for partition 34 at epoch Some(1) (kafka.coordinator.transaction.TransactionCoordinator)
[2024-05-09 11:47:27,710] INFO [Transaction State Manager 1]: Unloaded transaction metadata TxnMetadataCacheEntry(coordinatorEpoch=0, numTransactionalEntries=0) for __transaction_state-34 on become-follower transition (kafka.coordinator.transaction.TransactionStateManager)
[2024-05-09 11:47:27,710] INFO [TransactionCoordinator id=1] Resigned as the txn coordinator for partition 5 at epoch Some(1) (kafka.coordinator.transaction.TransactionCoordinator)
[2024-05-09 11:47:27,710] INFO [Transaction State Manager 1]: Unloaded transaction metadata TxnMetadataCacheEntry(coordinatorEpoch=0, numTransactionalEntries=0) for __transaction_state-5 on become-follower transition (kafka.coordinator.transaction.TransactionStateManager)
[2024-05-09 11:47:27,710] INFO [TransactionCoordinator id=1] Resigned as the txn coordinator for partition 38 at epoch Some(1) (kafka.coordinator.transaction.TransactionCoordinator)
[2024-05-09 11:47:27,710] INFO [Transaction State Manager 1]: Unloaded transaction metadata TxnMetadataCacheEntry(coordinatorEpoch=0, numTransactionalEntries=0) for __transaction_state-38 on become-follower transition (kafka.coordinator.transaction.TransactionStateManager)
[2024-05-09 11:47:27,710] INFO [TransactionCoordinator id=1] Resigned as the txn coordinator for partition 9 at epoch Some(1) (kafka.coordinator.transaction.TransactionCoordinator)
[2024-05-09 11:47:27,710] INFO [Transaction State Manager 1]: Unloaded transaction metadata TxnMetadataCacheEntry(coordinatorEpoch=0, numTransactionalEntries=0) for __transaction_state-9 on become-follower transition (kafka.coordinator.transaction.TransactionStateManager)
[2024-05-09 11:47:27,711] INFO [TransactionCoordinator id=1] Resigned as the txn coordinator for partition 26 at epoch Some(1) (kafka.coordinator.transaction.TransactionCoordinator)
[2024-05-09 11:47:27,711] INFO [Transaction State Manager 1]: Unloaded transaction metadata TxnMetadataCacheEntry(coordinatorEpoch=0, numTransactionalEntries=0) for __transaction_state-26 on become-follower transition (kafka.coordinator.transaction.TransactionStateManager)
[2024-05-09 11:47:27,711] INFO [TransactionCoordinator id=1] Resigned as the txn coordinator for partition 30 at epoch Some(1) (kafka.coordinator.transaction.TransactionCoordinator)
[2024-05-09 11:47:27,711] INFO [Transaction State Manager 1]: Unloaded transaction metadata TxnMetadataCacheEntry(coordinatorEpoch=0, numTransactionalEntries=0) for __transaction_state-30 on become-follower transition (kafka.coordinator.transaction.TransactionStateManager)
[2024-05-09 11:47:27,711] INFO [TransactionCoordinator id=1] Resigned as the txn coordinator for partition 1 at epoch Some(1) (kafka.coordinator.transaction.TransactionCoordinator)
[2024-05-09 11:47:27,711] INFO [Transaction State Manager 1]: Unloaded transaction metadata TxnMetadataCacheEntry(coordinatorEpoch=0, numTransactionalEntries=0) for __transaction_state-1 on become-follower transition (kafka.coordinator.transaction.TransactionStateManager)
[2024-05-09 11:47:27,711] INFO [TransactionCoordinator id=1] Resigned as the txn coordinator for partition 18 at epoch Some(1) (kafka.coordinator.transaction.TransactionCoordinator)
[2024-05-09 11:47:27,711] INFO [Transaction State Manager 1]: Unloaded transaction metadata TxnMetadataCacheEntry(coordinatorEpoch=0, numTransactionalEntries=0) for __transaction_state-18 on become-follower transition (kafka.coordinator.transaction.TransactionStateManager)
[2024-05-09 11:47:27,711] INFO [TransactionCoordinator id=1] Resigned as the txn coordinator for partition 22 at epoch Some(1) (kafka.coordinator.transaction.TransactionCoordinator)
[2024-05-09 11:47:27,711] INFO [Transaction State Manager 1]: Unloaded transaction metadata TxnMetadataCacheEntry(coordinatorEpoch=0, numTransactionalEntries=0) for __transaction_state-22 on become-follower transition (kafka.coordinator.transaction.TransactionStateManager)
[2024-05-09 11:47:27,711] INFO [TransactionCoordinator id=1] Resigned as the txn coordinator for partition 12 at epoch Some(1) (kafka.coordinator.transaction.TransactionCoordinator)
[2024-05-09 11:47:27,711] INFO [Transaction State Manager 1]: Unloaded transaction metadata TxnMetadataCacheEntry(coordinatorEpoch=0, numTransactionalEntries=0) for __transaction_state-12 on become-follower transition (kafka.coordinator.transaction.TransactionStateManager)
[2024-05-09 11:47:27,711] INFO [TransactionCoordinator id=1] Resigned as the txn coordinator for partition 45 at epoch Some(1) (kafka.coordinator.transaction.TransactionCoordinator)
[2024-05-09 11:47:27,711] INFO [Transaction State Manager 1]: Unloaded transaction metadata TxnMetadataCacheEntry(coordinatorEpoch=0, numTransactionalEntries=0) for __transaction_state-45 on become-follower transition (kafka.coordinator.transaction.TransactionStateManager)
[2024-05-09 11:47:27,711] INFO [TransactionCoordinator id=1] Resigned as the txn coordinator for partition 16 at epoch Some(1) (kafka.coordinator.transaction.TransactionCoordinator)
[2024-05-09 11:47:27,711] INFO [Transaction State Manager 1]: Unloaded transaction metadata TxnMetadataCacheEntry(coordinatorEpoch=0, numTransactionalEntries=0) for __transaction_state-16 on become-follower transition (kafka.coordinator.transaction.TransactionStateManager)
[2024-05-09 11:47:27,711] INFO [TransactionCoordinator id=1] Resigned as the txn coordinator for partition 49 at epoch Some(1) (kafka.coordinator.transaction.TransactionCoordinator)
[2024-05-09 11:47:27,711] INFO [Transaction State Manager 1]: Unloaded transaction metadata TxnMetadataCacheEntry(coordinatorEpoch=0, numTransactionalEntries=0) for __transaction_state-49 on become-follower transition (kafka.coordinator.transaction.TransactionStateManager)
[2024-05-09 11:47:27,711] INFO [TransactionCoordinator id=1] Resigned as the txn coordinator for partition 4 at epoch Some(1) (kafka.coordinator.transaction.TransactionCoordinator)
[2024-05-09 11:47:27,712] INFO [Transaction State Manager 1]: Unloaded transaction metadata TxnMetadataCacheEntry(coordinatorEpoch=0, numTransactionalEntries=0) for __transaction_state-4 on become-follower transition (kafka.coordinator.transaction.TransactionStateManager)
[2024-05-09 11:47:27,712] INFO [TransactionCoordinator id=1] Resigned as the txn coordinator for partition 37 at epoch Some(1) (kafka.coordinator.transaction.TransactionCoordinator)
[2024-05-09 11:47:27,712] INFO [Transaction State Manager 1]: Unloaded transaction metadata TxnMetadataCacheEntry(coordinatorEpoch=0, numTransactionalEntries=0) for __transaction_state-37 on become-follower transition (kafka.coordinator.transaction.TransactionStateManager)
[2024-05-09 11:47:27,712] INFO [TransactionCoordinator id=1] Resigned as the txn coordinator for partition 8 at epoch Some(1) (kafka.coordinator.transaction.TransactionCoordinator)
[2024-05-09 11:47:27,712] INFO [Transaction State Manager 1]: Unloaded transaction metadata TxnMetadataCacheEntry(coordinatorEpoch=0, numTransactionalEntries=0) for __transaction_state-8 on become-follower transition (kafka.coordinator.transaction.TransactionStateManager)
[2024-05-09 11:47:27,712] INFO [TransactionCoordinator id=1] Resigned as the txn coordinator for partition 41 at epoch Some(1) (kafka.coordinator.transaction.TransactionCoordinator)
[2024-05-09 11:47:27,712] INFO [Transaction State Manager 1]: Unloaded transaction metadata TxnMetadataCacheEntry(coordinatorEpoch=0, numTransactionalEntries=0) for __transaction_state-41 on become-follower transition (kafka.coordinator.transaction.TransactionStateManager)
[2024-05-09 11:47:27,712] INFO [TransactionCoordinator id=1] Resigned as the txn coordinator for partition 29 at epoch Some(1) (kafka.coordinator.transaction.TransactionCoordinator)
[2024-05-09 11:47:27,712] INFO [Transaction State Manager 1]: Unloaded transaction metadata TxnMetadataCacheEntry(coordinatorEpoch=0, numTransactionalEntries=0) for __transaction_state-29 on become-follower transition (kafka.coordinator.transaction.TransactionStateManager)
[2024-05-09 11:47:27,712] INFO [TransactionCoordinator id=1] Resigned as the txn coordinator for partition 0 at epoch Some(1) (kafka.coordinator.transaction.TransactionCoordinator)
[2024-05-09 11:47:27,712] INFO [Transaction State Manager 1]: Unloaded transaction metadata TxnMetadataCacheEntry(coordinatorEpoch=0, numTransactionalEntries=0) for __transaction_state-0 on become-follower transition (kafka.coordinator.transaction.TransactionStateManager)
[2024-05-09 11:47:27,712] INFO [TransactionCoordinator id=1] Resigned as the txn coordinator for partition 33 at epoch Some(1) (kafka.coordinator.transaction.TransactionCoordinator)
[2024-05-09 11:47:27,712] INFO [Transaction State Manager 1]: Unloaded transaction metadata TxnMetadataCacheEntry(coordinatorEpoch=0, numTransactionalEntries=0) for __transaction_state-33 on become-follower transition (kafka.coordinator.transaction.TransactionStateManager)
[2024-05-09 11:47:27,712] INFO [TransactionCoordinator id=1] Resigned as the txn coordinator for partition 21 at epoch Some(1) (kafka.coordinator.transaction.TransactionCoordinator)
[2024-05-09 11:47:27,712] INFO [Transaction State Manager 1]: Unloaded transaction metadata TxnMetadataCacheEntry(coordinatorEpoch=0, numTransactionalEntries=0) for __transaction_state-21 on become-follower transition (kafka.coordinator.transaction.TransactionStateManager)
[2024-05-09 11:47:27,712] INFO [TransactionCoordinator id=1] Resigned as the txn coordinator for partition 25 at epoch Some(1) (kafka.coordinator.transaction.TransactionCoordinator)
[2024-05-09 11:47:27,712] INFO [Transaction State Manager 1]: Unloaded transaction metadata TxnMetadataCacheEntry(coordinatorEpoch=0, numTransactionalEntries=0) for __transaction_state-25 on become-follower transition (kafka.coordinator.transaction.TransactionStateManager)
[2024-05-09 11:47:27,712] INFO [TransactionCoordinator id=1] Resigned as the txn coordinator for partition 11 at epoch Some(1) (kafka.coordinator.transaction.TransactionCoordinator)
[2024-05-09 11:47:27,712] INFO [Transaction State Manager 1]: Unloaded transaction metadata TxnMetadataCacheEntry(coordinatorEpoch=0, numTransactionalEntries=0) for __transaction_state-11 on become-follower transition (kafka.coordinator.transaction.TransactionStateManager)
[2024-05-09 11:47:27,712] INFO [TransactionCoordinator id=1] Resigned as the txn coordinator for partition 44 at epoch Some(1) (kafka.coordinator.transaction.TransactionCoordinator)
[2024-05-09 11:47:27,713] INFO [Transaction State Manager 1]: Unloaded transaction metadata TxnMetadataCacheEntry(coordinatorEpoch=0, numTransactionalEntries=1) for __transaction_state-44 on become-follower transition (kafka.coordinator.transaction.TransactionStateManager)
[2024-05-09 11:47:27,716] INFO [TransactionCoordinator id=1] Resigned as the txn coordinator for partition 15 at epoch Some(1) (kafka.coordinator.transaction.TransactionCoordinator)
[2024-05-09 11:47:27,717] INFO [Transaction State Manager 1]: Unloaded transaction metadata TxnMetadataCacheEntry(coordinatorEpoch=0, numTransactionalEntries=0) for __transaction_state-15 on become-follower transition (kafka.coordinator.transaction.TransactionStateManager)
[2024-05-09 11:47:27,717] INFO [TransactionCoordinator id=1] Resigned as the txn coordinator for partition 48 at epoch Some(1) (kafka.coordinator.transaction.TransactionCoordinator)
[2024-05-09 11:47:27,717] INFO [Transaction State Manager 1]: Unloaded transaction metadata TxnMetadataCacheEntry(coordinatorEpoch=0, numTransactionalEntries=0) for __transaction_state-48 on become-follower transition (kafka.coordinator.transaction.TransactionStateManager)
[2024-05-09 11:47:27,717] INFO [TransactionCoordinator id=1] Resigned as the txn coordinator for partition 3 at epoch Some(1) (kafka.coordinator.transaction.TransactionCoordinator)
[2024-05-09 11:47:27,717] INFO [Transaction State Manager 1]: Unloaded transaction metadata TxnMetadataCacheEntry(coordinatorEpoch=0, numTransactionalEntries=0) for __transaction_state-3 on become-follower transition (kafka.coordinator.transaction.TransactionStateManager)
[2024-05-09 11:47:27,717] INFO [TransactionCoordinator id=1] Resigned as the txn coordinator for partition 36 at epoch Some(1) (kafka.coordinator.transaction.TransactionCoordinator)
[2024-05-09 11:47:27,717] INFO [Transaction State Manager 1]: Unloaded transaction metadata TxnMetadataCacheEntry(coordinatorEpoch=0, numTransactionalEntries=0) for __transaction_state-36 on become-follower transition (kafka.coordinator.transaction.TransactionStateManager)
[2024-05-09 11:47:27,717] INFO [GroupMetadataManager brokerId=1] Finished unloading __consumer_offsets-13 for coordinator epoch OptionalInt[1]. Removed 0 cached offsets and 1 cached groups. (kafka.coordinator.group.GroupMetadataManager)
[2024-05-09 11:47:27,718] INFO [TransactionCoordinator id=1] Resigned as the txn coordinator for partition 7 at epoch Some(1) (kafka.coordinator.transaction.TransactionCoordinator)
[2024-05-09 11:47:27,718] INFO [GroupMetadataManager brokerId=1] Finished unloading __consumer_offsets-46 for coordinator epoch OptionalInt[1]. Removed 0 cached offsets and 0 cached groups. (kafka.coordinator.group.GroupMetadataManager)
[2024-05-09 11:47:27,718] INFO [Transaction State Manager 1]: Unloaded transaction metadata TxnMetadataCacheEntry(coordinatorEpoch=0, numTransactionalEntries=0) for __transaction_state-7 on become-follower transition (kafka.coordinator.transaction.TransactionStateManager)
[2024-05-09 11:47:27,718] INFO [GroupMetadataManager brokerId=1] Finished unloading __consumer_offsets-9 for coordinator epoch OptionalInt[1]. Removed 0 cached offsets and 0 cached groups. (kafka.coordinator.group.GroupMetadataManager)
[2024-05-09 11:47:27,718] INFO [TransactionCoordinator id=1] Resigned as the txn coordinator for partition 40 at epoch Some(1) (kafka.coordinator.transaction.TransactionCoordinator)
[2024-05-09 11:47:27,718] INFO [GroupMetadataManager brokerId=1] Finished unloading __consumer_offsets-42 for coordinator epoch OptionalInt[1]. Removed 0 cached offsets and 0 cached groups. (kafka.coordinator.group.GroupMetadataManager)
[2024-05-09 11:47:27,718] INFO [Transaction State Manager 1]: Unloaded transaction metadata TxnMetadataCacheEntry(coordinatorEpoch=0, numTransactionalEntries=0) for __transaction_state-40 on become-follower transition (kafka.coordinator.transaction.TransactionStateManager)
[2024-05-09 11:47:27,718] INFO [GroupMetadataManager brokerId=1] Finished unloading __consumer_offsets-21 for coordinator epoch OptionalInt[1]. Removed 0 cached offsets and 0 cached groups. (kafka.coordinator.group.GroupMetadataManager)
[2024-05-09 11:47:27,718] INFO [TransactionCoordinator id=1] Resigned as the txn coordinator for partition 28 at epoch Some(1) (kafka.coordinator.transaction.TransactionCoordinator)
[2024-05-09 11:47:27,718] INFO [GroupMetadataManager brokerId=1] Finished unloading __consumer_offsets-17 for coordinator epoch OptionalInt[1]. Removed 0 cached offsets and 0 cached groups. (kafka.coordinator.group.GroupMetadataManager)
[2024-05-09 11:47:27,718] INFO [Transaction State Manager 1]: Unloaded transaction metadata TxnMetadataCacheEntry(coordinatorEpoch=0, numTransactionalEntries=0) for __transaction_state-28 on become-follower transition (kafka.coordinator.transaction.TransactionStateManager)
[2024-05-09 11:47:27,718] INFO [GroupMetadataManager brokerId=1] Finished unloading __consumer_offsets-30 for coordinator epoch OptionalInt[1]. Removed 0 cached offsets and 0 cached groups. (kafka.coordinator.group.GroupMetadataManager)
[2024-05-09 11:47:27,718] INFO [TransactionCoordinator id=1] Resigned as the txn coordinator for partition 32 at epoch Some(1) (kafka.coordinator.transaction.TransactionCoordinator)
[2024-05-09 11:47:27,718] INFO [GroupMetadataManager brokerId=1] Finished unloading __consumer_offsets-26 for coordinator epoch OptionalInt[1]. Removed 0 cached offsets and 0 cached groups. (kafka.coordinator.group.GroupMetadataManager)
[2024-05-09 11:47:27,718] INFO [Transaction State Manager 1]: Unloaded transaction metadata TxnMetadataCacheEntry(coordinatorEpoch=0, numTransactionalEntries=0) for __transaction_state-32 on become-follower transition (kafka.coordinator.transaction.TransactionStateManager)
[2024-05-09 11:47:27,719] INFO [GroupMetadataManager brokerId=1] Finished unloading __consumer_offsets-5 for coordinator epoch OptionalInt[1]. Removed 0 cached offsets and 0 cached groups. (kafka.coordinator.group.GroupMetadataManager)
[2024-05-09 11:47:27,719] INFO [TransactionCoordinator id=1] Resigned as the txn coordinator for partition 20 at epoch Some(1) (kafka.coordinator.transaction.TransactionCoordinator)
[2024-05-09 11:47:27,719] INFO [GroupMetadataManager brokerId=1] Finished unloading __consumer_offsets-38 for coordinator epoch OptionalInt[1]. Removed 0 cached offsets and 0 cached groups. (kafka.coordinator.group.GroupMetadataManager)
[2024-05-09 11:47:27,719] INFO [Transaction State Manager 1]: Unloaded transaction metadata TxnMetadataCacheEntry(coordinatorEpoch=0, numTransactionalEntries=0) for __transaction_state-20 on become-follower transition (kafka.coordinator.transaction.TransactionStateManager)
[2024-05-09 11:47:27,719] INFO [GroupMetadataManager brokerId=1] Finished unloading __consumer_offsets-1 for coordinator epoch OptionalInt[1]. Removed 0 cached offsets and 0 cached groups. (kafka.coordinator.group.GroupMetadataManager)
[2024-05-09 11:47:27,719] INFO [GroupMetadataManager brokerId=1] Finished unloading __consumer_offsets-34 for coordinator epoch OptionalInt[1]. Removed 0 cached offsets and 0 cached groups. (kafka.coordinator.group.GroupMetadataManager)
[2024-05-09 11:47:27,719] INFO [GroupMetadataManager brokerId=1] Finished unloading __consumer_offsets-16 for coordinator epoch OptionalInt[1]. Removed 0 cached offsets and 0 cached groups. (kafka.coordinator.group.GroupMetadataManager)
[2024-05-09 11:47:27,719] INFO [GroupMetadataManager brokerId=1] Finished unloading __consumer_offsets-45 for coordinator epoch OptionalInt[1]. Removed 0 cached offsets and 0 cached groups. (kafka.coordinator.group.GroupMetadataManager)
[2024-05-09 11:47:27,719] INFO [TransactionCoordinator id=1] Resigned as the txn coordinator for partition 24 at epoch Some(1) (kafka.coordinator.transaction.TransactionCoordinator)
[2024-05-09 11:47:27,719] INFO [GroupMetadataManager brokerId=1] Finished unloading __consumer_offsets-12 for coordinator epoch OptionalInt[1]. Removed 0 cached offsets and 0 cached groups. (kafka.coordinator.group.GroupMetadataManager)
[2024-05-09 11:47:27,719] INFO [Transaction State Manager 1]: Unloaded transaction metadata TxnMetadataCacheEntry(coordinatorEpoch=0, numTransactionalEntries=0) for __transaction_state-24 on become-follower transition (kafka.coordinator.transaction.TransactionStateManager)
[2024-05-09 11:47:27,719] INFO [GroupMetadataManager brokerId=1] Finished unloading __consumer_offsets-41 for coordinator epoch OptionalInt[1]. Removed 0 cached offsets and 0 cached groups. (kafka.coordinator.group.GroupMetadataManager)
[2024-05-09 11:47:27,720] INFO [TransactionCoordinator id=1] Resigned as the txn coordinator for partition 10 at epoch Some(1) (kafka.coordinator.transaction.TransactionCoordinator)
[2024-05-09 11:47:27,720] INFO [GroupMetadataManager brokerId=1] Finished unloading __consumer_offsets-24 for coordinator epoch OptionalInt[1]. Removed 0 cached offsets and 0 cached groups. (kafka.coordinator.group.GroupMetadataManager)
[2024-05-09 11:47:27,720] INFO [Transaction State Manager 1]: Unloaded transaction metadata TxnMetadataCacheEntry(coordinatorEpoch=0, numTransactionalEntries=0) for __transaction_state-10 on become-follower transition (kafka.coordinator.transaction.TransactionStateManager)
[2024-05-09 11:47:27,720] INFO [GroupMetadataManager brokerId=1] Finished unloading __consumer_offsets-20 for coordinator epoch OptionalInt[1]. Removed 0 cached offsets and 0 cached groups. (kafka.coordinator.group.GroupMetadataManager)
[2024-05-09 11:47:27,720] INFO [TransactionCoordinator id=1] Resigned as the txn coordinator for partition 43 at epoch Some(1) (kafka.coordinator.transaction.TransactionCoordinator)
[2024-05-09 11:47:27,720] INFO [GroupMetadataManager brokerId=1] Finished unloading __consumer_offsets-49 for coordinator epoch OptionalInt[1]. Removed 0 cached offsets and 0 cached groups. (kafka.coordinator.group.GroupMetadataManager)
[2024-05-09 11:47:27,720] INFO [Transaction State Manager 1]: Unloaded transaction metadata TxnMetadataCacheEntry(coordinatorEpoch=0, numTransactionalEntries=0) for __transaction_state-43 on become-follower transition (kafka.coordinator.transaction.TransactionStateManager)
[2024-05-09 11:47:27,720] INFO [GroupMetadataManager brokerId=1] Finished unloading __consumer_offsets-0 for coordinator epoch OptionalInt[1]. Removed 0 cached offsets and 0 cached groups. (kafka.coordinator.group.GroupMetadataManager)
[2024-05-09 11:47:27,720] INFO [TransactionCoordinator id=1] Resigned as the txn coordinator for partition 14 at epoch Some(1) (kafka.coordinator.transaction.TransactionCoordinator)
[2024-05-09 11:47:27,720] INFO [GroupMetadataManager brokerId=1] Finished unloading __consumer_offsets-29 for coordinator epoch OptionalInt[1]. Removed 0 cached offsets and 0 cached groups. (kafka.coordinator.group.GroupMetadataManager)
[2024-05-09 11:47:27,721] INFO [GroupMetadataManager brokerId=1] Finished unloading __consumer_offsets-25 for coordinator epoch OptionalInt[1]. Removed 0 cached offsets and 0 cached groups. (kafka.coordinator.group.GroupMetadataManager)
[2024-05-09 11:47:27,720] INFO [Transaction State Manager 1]: Unloaded transaction metadata TxnMetadataCacheEntry(coordinatorEpoch=0, numTransactionalEntries=0) for __transaction_state-14 on become-follower transition (kafka.coordinator.transaction.TransactionStateManager)
[2024-05-09 11:47:27,721] INFO [GroupMetadataManager brokerId=1] Finished unloading __consumer_offsets-8 for coordinator epoch OptionalInt[1]. Removed 0 cached offsets and 0 cached groups. (kafka.coordinator.group.GroupMetadataManager)
[2024-05-09 11:47:27,721] INFO [TransactionCoordinator id=1] Resigned as the txn coordinator for partition 47 at epoch Some(1) (kafka.coordinator.transaction.TransactionCoordinator)
[2024-05-09 11:47:27,721] INFO [GroupMetadataManager brokerId=1] Finished unloading __consumer_offsets-37 for coordinator epoch OptionalInt[1]. Removed 0 cached offsets and 0 cached groups. (kafka.coordinator.group.GroupMetadataManager)
[2024-05-09 11:47:27,721] INFO [Transaction State Manager 1]: Unloaded transaction metadata TxnMetadataCacheEntry(coordinatorEpoch=0, numTransactionalEntries=0) for __transaction_state-47 on become-follower transition (kafka.coordinator.transaction.TransactionStateManager)
[2024-05-09 11:47:27,721] INFO [GroupMetadataManager brokerId=1] Finished unloading __consumer_offsets-4 for coordinator epoch OptionalInt[1]. Removed 0 cached offsets and 0 cached groups. (kafka.coordinator.group.GroupMetadataManager)
[2024-05-09 11:47:27,721] INFO [TransactionCoordinator id=1] Resigned as the txn coordinator for partition 2 at epoch Some(1) (kafka.coordinator.transaction.TransactionCoordinator)
[2024-05-09 11:47:27,721] INFO [GroupMetadataManager brokerId=1] Finished unloading __consumer_offsets-33 for coordinator epoch OptionalInt[1]. Removed 0 cached offsets and 0 cached groups. (kafka.coordinator.group.GroupMetadataManager)
[2024-05-09 11:47:27,721] INFO [Transaction State Manager 1]: Unloaded transaction metadata TxnMetadataCacheEntry(coordinatorEpoch=0, numTransactionalEntries=0) for __transaction_state-2 on become-follower transition (kafka.coordinator.transaction.TransactionStateManager)
[2024-05-09 11:47:27,721] INFO [GroupMetadataManager brokerId=1] Finished unloading __consumer_offsets-15 for coordinator epoch OptionalInt[1]. Removed 0 cached offsets and 0 cached groups. (kafka.coordinator.group.GroupMetadataManager)
[2024-05-09 11:47:27,722] INFO [TransactionCoordinator id=1] Resigned as the txn coordinator for partition 35 at epoch Some(1) (kafka.coordinator.transaction.TransactionCoordinator)
[2024-05-09 11:47:27,722] INFO [Transaction State Manager 1]: Unloaded transaction metadata TxnMetadataCacheEntry(coordinatorEpoch=0, numTransactionalEntries=0) for __transaction_state-35 on become-follower transition (kafka.coordinator.transaction.TransactionStateManager)
[2024-05-09 11:47:27,722] INFO [TransactionCoordinator id=1] Resigned as the txn coordinator for partition 6 at epoch Some(1) (kafka.coordinator.transaction.TransactionCoordinator)
[2024-05-09 11:47:27,722] INFO [Transaction State Manager 1]: Unloaded transaction metadata TxnMetadataCacheEntry(coordinatorEpoch=0, numTransactionalEntries=0) for __transaction_state-6 on become-follower transition (kafka.coordinator.transaction.TransactionStateManager)
[2024-05-09 11:47:27,722] INFO [TransactionCoordinator id=1] Resigned as the txn coordinator for partition 39 at epoch Some(1) (kafka.coordinator.transaction.TransactionCoordinator)
[2024-05-09 11:47:27,722] INFO [Transaction State Manager 1]: Unloaded transaction metadata TxnMetadataCacheEntry(coordinatorEpoch=0, numTransactionalEntries=0) for __transaction_state-39 on become-follower transition (kafka.coordinator.transaction.TransactionStateManager)
[2024-05-09 11:47:27,722] INFO [TransactionCoordinator id=1] Resigned as the txn coordinator for partition 27 at epoch Some(1) (kafka.coordinator.transaction.TransactionCoordinator)
[2024-05-09 11:47:27,722] INFO [Transaction State Manager 1]: Unloaded transaction metadata TxnMetadataCacheEntry(coordinatorEpoch=0, numTransactionalEntries=0) for __transaction_state-27 on become-follower transition (kafka.coordinator.transaction.TransactionStateManager)
[2024-05-09 11:47:27,722] INFO [TransactionCoordinator id=1] Resigned as the txn coordinator for partition 31 at epoch Some(1) (kafka.coordinator.transaction.TransactionCoordinator)
[2024-05-09 11:47:27,722] INFO [Transaction State Manager 1]: Unloaded transaction metadata TxnMetadataCacheEntry(coordinatorEpoch=0, numTransactionalEntries=0) for __transaction_state-31 on become-follower transition (kafka.coordinator.transaction.TransactionStateManager)
[2024-05-09 11:47:27,722] INFO [TransactionCoordinator id=1] Resigned as the txn coordinator for partition 19 at epoch Some(1) (kafka.coordinator.transaction.TransactionCoordinator)
[2024-05-09 11:47:27,722] INFO [Transaction State Manager 1]: Unloaded transaction metadata TxnMetadataCacheEntry(coordinatorEpoch=0, numTransactionalEntries=0) for __transaction_state-19 on become-follower transition (kafka.coordinator.transaction.TransactionStateManager)
[2024-05-09 11:47:27,722] INFO [TransactionCoordinator id=1] Resigned as the txn coordinator for partition 23 at epoch Some(1) (kafka.coordinator.transaction.TransactionCoordinator)
[2024-05-09 11:47:27,722] INFO [GroupMetadataManager brokerId=1] Finished unloading __consumer_offsets-48 for coordinator epoch OptionalInt[1]. Removed 0 cached offsets and 0 cached groups. (kafka.coordinator.group.GroupMetadataManager)
[2024-05-09 11:47:27,722] INFO [Transaction State Manager 1]: Unloaded transaction metadata TxnMetadataCacheEntry(coordinatorEpoch=0, numTransactionalEntries=0) for __transaction_state-23 on become-follower transition (kafka.coordinator.transaction.TransactionStateManager)
[2024-05-09 11:47:27,723] INFO [GroupMetadataManager brokerId=1] Finished unloading __consumer_offsets-11 for coordinator epoch OptionalInt[1]. Removed 0 cached offsets and 0 cached groups. (kafka.coordinator.group.GroupMetadataManager)
[2024-05-09 11:47:27,723] INFO [GroupMetadataManager brokerId=1] Finished unloading __consumer_offsets-44 for coordinator epoch OptionalInt[1]. Removed 0 cached offsets and 0 cached groups. (kafka.coordinator.group.GroupMetadataManager)
[2024-05-09 11:47:27,723] INFO [GroupMetadataManager brokerId=1] Finished unloading __consumer_offsets-23 for coordinator epoch OptionalInt[1]. Removed 0 cached offsets and 0 cached groups. (kafka.coordinator.group.GroupMetadataManager)
[2024-05-09 11:47:27,723] INFO [GroupMetadataManager brokerId=1] Finished unloading __consumer_offsets-19 for coordinator epoch OptionalInt[1]. Removed 0 cached offsets and 0 cached groups. (kafka.coordinator.group.GroupMetadataManager)
[2024-05-09 11:47:27,723] INFO [GroupMetadataManager brokerId=1] Finished unloading __consumer_offsets-32 for coordinator epoch OptionalInt[1]. Removed 0 cached offsets and 0 cached groups. (kafka.coordinator.group.GroupMetadataManager)
[2024-05-09 11:47:27,723] INFO [GroupMetadataManager brokerId=1] Finished unloading __consumer_offsets-28 for coordinator epoch OptionalInt[1]. Removed 0 cached offsets and 0 cached groups. (kafka.coordinator.group.GroupMetadataManager)
[2024-05-09 11:47:27,723] INFO [GroupMetadataManager brokerId=1] Finished unloading __consumer_offsets-7 for coordinator epoch OptionalInt[1]. Removed 0 cached offsets and 0 cached groups. (kafka.coordinator.group.GroupMetadataManager)
[2024-05-09 11:47:27,723] INFO [GroupMetadataManager brokerId=1] Finished unloading __consumer_offsets-40 for coordinator epoch OptionalInt[1]. Removed 0 cached offsets and 0 cached groups. (kafka.coordinator.group.GroupMetadataManager)
[2024-05-09 11:47:27,723] INFO [GroupMetadataManager brokerId=1] Finished unloading __consumer_offsets-3 for coordinator epoch OptionalInt[1]. Removed 0 cached offsets and 0 cached groups. (kafka.coordinator.group.GroupMetadataManager)
[2024-05-09 11:47:27,723] INFO [GroupMetadataManager brokerId=1] Finished unloading __consumer_offsets-36 for coordinator epoch OptionalInt[1]. Removed 0 cached offsets and 0 cached groups. (kafka.coordinator.group.GroupMetadataManager)
[2024-05-09 11:47:27,723] INFO [GroupMetadataManager brokerId=1] Finished unloading __consumer_offsets-47 for coordinator epoch OptionalInt[1]. Removed 0 cached offsets and 0 cached groups. (kafka.coordinator.group.GroupMetadataManager)
[2024-05-09 11:47:27,723] INFO [GroupMetadataManager brokerId=1] Finished unloading __consumer_offsets-14 for coordinator epoch OptionalInt[1]. Removed 0 cached offsets and 0 cached groups. (kafka.coordinator.group.GroupMetadataManager)
[2024-05-09 11:47:27,723] INFO [GroupMetadataManager brokerId=1] Finished unloading __consumer_offsets-43 for coordinator epoch OptionalInt[1]. Removed 0 cached offsets and 0 cached groups. (kafka.coordinator.group.GroupMetadataManager)
[2024-05-09 11:47:27,723] INFO [GroupMetadataManager brokerId=1] Finished unloading __consumer_offsets-10 for coordinator epoch OptionalInt[1]. Removed 0 cached offsets and 0 cached groups. (kafka.coordinator.group.GroupMetadataManager)
[2024-05-09 11:47:27,723] INFO [GroupMetadataManager brokerId=1] Finished unloading __consumer_offsets-22 for coordinator epoch OptionalInt[1]. Removed 0 cached offsets and 0 cached groups. (kafka.coordinator.group.GroupMetadataManager)
[2024-05-09 11:47:27,724] INFO [GroupMetadataManager brokerId=1] Finished unloading __consumer_offsets-18 for coordinator epoch OptionalInt[1]. Removed 0 cached offsets and 0 cached groups. (kafka.coordinator.group.GroupMetadataManager)
[2024-05-09 11:47:27,724] INFO [GroupMetadataManager brokerId=1] Finished unloading __consumer_offsets-31 for coordinator epoch OptionalInt[1]. Removed 0 cached offsets and 0 cached groups. (kafka.coordinator.group.GroupMetadataManager)
[2024-05-09 11:47:27,724] INFO [GroupMetadataManager brokerId=1] Finished unloading __consumer_offsets-27 for coordinator epoch OptionalInt[1]. Removed 0 cached offsets and 0 cached groups. (kafka.coordinator.group.GroupMetadataManager)
[2024-05-09 11:47:27,724] INFO [GroupMetadataManager brokerId=1] Finished unloading __consumer_offsets-39 for coordinator epoch OptionalInt[1]. Removed 0 cached offsets and 0 cached groups. (kafka.coordinator.group.GroupMetadataManager)
[2024-05-09 11:47:27,724] INFO [GroupMetadataManager brokerId=1] Finished unloading __consumer_offsets-6 for coordinator epoch OptionalInt[1]. Removed 0 cached offsets and 0 cached groups. (kafka.coordinator.group.GroupMetadataManager)
[2024-05-09 11:47:27,724] INFO [GroupMetadataManager brokerId=1] Finished unloading __consumer_offsets-35 for coordinator epoch OptionalInt[1]. Removed 0 cached offsets and 0 cached groups. (kafka.coordinator.group.GroupMetadataManager)
[2024-05-09 11:47:27,724] INFO [GroupMetadataManager brokerId=1] Finished unloading __consumer_offsets-2 for coordinator epoch OptionalInt[1]. Removed 0 cached offsets and 0 cached groups. (kafka.coordinator.group.GroupMetadataManager)
[2024-05-09 11:47:27,735] INFO Node to controller channel manager for heartbeat shutdown (kafka.server.NodeToControllerChannelManagerImpl)
[2024-05-09 11:47:27,738] INFO [SocketServer listenerType=BROKER, nodeId=1] Stopped socket server request processors (kafka.network.SocketServer)
[2024-05-09 11:47:27,741] INFO [data-plane Kafka Request Handler on Broker 1], shutting down (kafka.server.KafkaRequestHandlerPool)
[2024-05-09 11:47:27,744] INFO [data-plane Kafka Request Handler on Broker 1], shut down completely (kafka.server.KafkaRequestHandlerPool)
[2024-05-09 11:47:27,746] INFO [ExpirationReaper-1-AlterAcls]: Shutting down (kafka.server.DelayedOperationPurgatory$ExpiredOperationReaper)
[2024-05-09 11:47:27,751] INFO [ExpirationReaper-1-AlterAcls]: Stopped (kafka.server.DelayedOperationPurgatory$ExpiredOperationReaper)
[2024-05-09 11:47:27,751] INFO [ExpirationReaper-1-AlterAcls]: Shutdown completed (kafka.server.DelayedOperationPurgatory$ExpiredOperationReaper)
[2024-05-09 11:47:27,753] INFO [KafkaApi-1] Shutdown complete. (kafka.server.KafkaApis)
[2024-05-09 11:47:27,759] INFO [TransactionCoordinator id=1] Shutting down. (kafka.coordinator.transaction.TransactionCoordinator)
[2024-05-09 11:47:27,760] INFO [Transaction State Manager 1]: Shutdown complete (kafka.coordinator.transaction.TransactionStateManager)
[2024-05-09 11:47:27,760] INFO [TxnMarkerSenderThread-1]: Shutting down (kafka.coordinator.transaction.TransactionMarkerChannelManager)
[2024-05-09 11:47:27,760] INFO [TxnMarkerSenderThread-1]: Stopped (kafka.coordinator.transaction.TransactionMarkerChannelManager)
[2024-05-09 11:47:27,760] INFO [TxnMarkerSenderThread-1]: Shutdown completed (kafka.coordinator.transaction.TransactionMarkerChannelManager)
[2024-05-09 11:47:27,764] INFO [TransactionCoordinator id=1] Shutdown complete. (kafka.coordinator.transaction.TransactionCoordinator)
[2024-05-09 11:47:27,765] INFO [GroupCoordinator 1]: Shutting down. (kafka.coordinator.group.GroupCoordinator)
[2024-05-09 11:47:27,765] INFO [ExpirationReaper-1-Heartbeat]: Shutting down (kafka.server.DelayedOperationPurgatory$ExpiredOperationReaper)
[2024-05-09 11:47:27,766] INFO [ExpirationReaper-1-Heartbeat]: Stopped (kafka.server.DelayedOperationPurgatory$ExpiredOperationReaper)
[2024-05-09 11:47:27,766] INFO [ExpirationReaper-1-Heartbeat]: Shutdown completed (kafka.server.DelayedOperationPurgatory$ExpiredOperationReaper)
[2024-05-09 11:47:27,766] INFO [ExpirationReaper-1-Rebalance]: Shutting down (kafka.server.DelayedOperationPurgatory$ExpiredOperationReaper)
[2024-05-09 11:47:27,768] INFO [ExpirationReaper-1-Rebalance]: Stopped (kafka.server.DelayedOperationPurgatory$ExpiredOperationReaper)
[2024-05-09 11:47:27,768] INFO [ExpirationReaper-1-Rebalance]: Shutdown completed (kafka.server.DelayedOperationPurgatory$ExpiredOperationReaper)
[2024-05-09 11:47:27,770] INFO [GroupCoordinator 1]: Shutdown complete. (kafka.coordinator.group.GroupCoordinator)
[2024-05-09 11:47:27,771] INFO [AssignmentsManager id=1]KafkaEventQueue#close: shutting down event queue. (org.apache.kafka.queue.KafkaEventQueue)
[2024-05-09 11:47:27,773] INFO [broker-1-to-controller-directory-assignments-channel-manager]: Shutting down (kafka.server.NodeToControllerRequestThread)
[2024-05-09 11:47:27,775] INFO [broker-1-to-controller-directory-assignments-channel-manager]: Stopped (kafka.server.NodeToControllerRequestThread)
[2024-05-09 11:47:27,775] INFO [broker-1-to-controller-directory-assignments-channel-manager]: Shutdown completed (kafka.server.NodeToControllerRequestThread)
[2024-05-09 11:47:27,776] INFO Node to controller channel manager for directory-assignments shutdown (kafka.server.NodeToControllerChannelManagerImpl)
[2024-05-09 11:47:27,776] INFO [AssignmentsManager id=1]closed event queue. (org.apache.kafka.queue.KafkaEventQueue)
[2024-05-09 11:47:27,777] INFO [ReplicaManager broker=1] Shutting down (kafka.server.ReplicaManager)
[2024-05-09 11:47:27,778] INFO [LogDirFailureHandler]: Shutting down (kafka.server.ReplicaManager$LogDirFailureHandler)
[2024-05-09 11:47:27,780] INFO [LogDirFailureHandler]: Stopped (kafka.server.ReplicaManager$LogDirFailureHandler)
[2024-05-09 11:47:27,780] INFO [LogDirFailureHandler]: Shutdown completed (kafka.server.ReplicaManager$LogDirFailureHandler)
[2024-05-09 11:47:27,781] INFO [ReplicaFetcherManager on broker 1] shutting down (kafka.server.ReplicaFetcherManager)
[2024-05-09 11:47:27,783] INFO [ReplicaFetcherManager on broker 1] shutdown completed (kafka.server.ReplicaFetcherManager)
[2024-05-09 11:47:27,783] INFO [ReplicaAlterLogDirsManager on broker 1] shutting down (kafka.server.ReplicaAlterLogDirsManager)
[2024-05-09 11:47:27,783] INFO [ReplicaAlterLogDirsManager on broker 1] shutdown completed (kafka.server.ReplicaAlterLogDirsManager)
[2024-05-09 11:47:27,783] INFO [ExpirationReaper-1-Fetch]: Shutting down (kafka.server.DelayedOperationPurgatory$ExpiredOperationReaper)
[2024-05-09 11:47:27,784] INFO [ExpirationReaper-1-Fetch]: Stopped (kafka.server.DelayedOperationPurgatory$ExpiredOperationReaper)
[2024-05-09 11:47:27,784] INFO [ExpirationReaper-1-Fetch]: Shutdown completed (kafka.server.DelayedOperationPurgatory$ExpiredOperationReaper)
[2024-05-09 11:47:27,786] INFO [ExpirationReaper-1-RemoteFetch]: Shutting down (kafka.server.DelayedOperationPurgatory$ExpiredOperationReaper)
[2024-05-09 11:47:27,790] INFO [ExpirationReaper-1-RemoteFetch]: Stopped (kafka.server.DelayedOperationPurgatory$ExpiredOperationReaper)
[2024-05-09 11:47:27,790] INFO [ExpirationReaper-1-RemoteFetch]: Shutdown completed (kafka.server.DelayedOperationPurgatory$ExpiredOperationReaper)
[2024-05-09 11:47:27,791] INFO [ExpirationReaper-1-Produce]: Shutting down (kafka.server.DelayedOperationPurgatory$ExpiredOperationReaper)
[2024-05-09 11:47:27,794] INFO [ExpirationReaper-1-Produce]: Stopped (kafka.server.DelayedOperationPurgatory$ExpiredOperationReaper)
[2024-05-09 11:47:27,794] INFO [ExpirationReaper-1-Produce]: Shutdown completed (kafka.server.DelayedOperationPurgatory$ExpiredOperationReaper)
[2024-05-09 11:47:27,795] INFO [ExpirationReaper-1-DeleteRecords]: Shutting down (kafka.server.DelayedOperationPurgatory$ExpiredOperationReaper)
[2024-05-09 11:47:27,800] INFO [ExpirationReaper-1-DeleteRecords]: Stopped (kafka.server.DelayedOperationPurgatory$ExpiredOperationReaper)
[2024-05-09 11:47:27,800] INFO [ExpirationReaper-1-DeleteRecords]: Shutdown completed (kafka.server.DelayedOperationPurgatory$ExpiredOperationReaper)
[2024-05-09 11:47:27,801] INFO [ExpirationReaper-1-ElectLeader]: Shutting down (kafka.server.DelayedOperationPurgatory$ExpiredOperationReaper)
[2024-05-09 11:47:27,804] INFO [ExpirationReaper-1-ElectLeader]: Stopped (kafka.server.DelayedOperationPurgatory$ExpiredOperationReaper)
[2024-05-09 11:47:27,804] INFO [ExpirationReaper-1-ElectLeader]: Shutdown completed (kafka.server.DelayedOperationPurgatory$ExpiredOperationReaper)
[2024-05-09 11:47:27,815] INFO [AddPartitionsToTxnSenderThread-1]: Shutting down (kafka.server.AddPartitionsToTxnManager)
[2024-05-09 11:47:27,815] INFO [AddPartitionsToTxnSenderThread-1]: Stopped (kafka.server.AddPartitionsToTxnManager)
[2024-05-09 11:47:27,815] INFO [AddPartitionsToTxnSenderThread-1]: Shutdown completed (kafka.server.AddPartitionsToTxnManager)
[2024-05-09 11:47:27,816] INFO [ReplicaManager broker=1] Shut down completely (kafka.server.ReplicaManager)
[2024-05-09 11:47:27,817] INFO [broker-1-to-controller-alter-partition-channel-manager]: Shutting down (kafka.server.NodeToControllerRequestThread)
[2024-05-09 11:47:27,817] INFO [broker-1-to-controller-alter-partition-channel-manager]: Stopped (kafka.server.NodeToControllerRequestThread)
[2024-05-09 11:47:27,817] INFO [broker-1-to-controller-alter-partition-channel-manager]: Shutdown completed (kafka.server.NodeToControllerRequestThread)
[2024-05-09 11:47:27,818] INFO Node to controller channel manager for alter-partition shutdown (kafka.server.NodeToControllerChannelManagerImpl)
[2024-05-09 11:47:27,819] INFO [broker-1-to-controller-forwarding-channel-manager]: Shutting down (kafka.server.NodeToControllerRequestThread)
[2024-05-09 11:47:27,819] INFO [broker-1-to-controller-forwarding-channel-manager]: Stopped (kafka.server.NodeToControllerRequestThread)
[2024-05-09 11:47:27,819] INFO [broker-1-to-controller-forwarding-channel-manager]: Shutdown completed (kafka.server.NodeToControllerRequestThread)
[2024-05-09 11:47:27,820] INFO Node to controller channel manager for forwarding shutdown (kafka.server.NodeToControllerChannelManagerImpl)
[2024-05-09 11:47:27,821] INFO Shutting down. (kafka.log.LogManager)
[2024-05-09 11:47:27,824] INFO [kafka-log-cleaner-thread-0]: Shutting down (kafka.log.LogCleaner$CleanerThread)
[2024-05-09 11:47:27,824] INFO [kafka-log-cleaner-thread-0]: Stopped (kafka.log.LogCleaner$CleanerThread)
[2024-05-09 11:47:27,824] INFO [kafka-log-cleaner-thread-0]: Shutdown completed (kafka.log.LogCleaner$CleanerThread)
[2024-05-09 11:47:27,872] INFO [ProducerStateManager partition=connect-status-4] Wrote producer snapshot at offset 7 with 0 producer ids in 3 ms. (org.apache.kafka.storage.internals.log.ProducerStateManager)
[2024-05-09 11:47:27,915] INFO [ProducerStateManager partition=__transaction_state-44] Wrote producer snapshot at offset 4 with 0 producer ids in 4 ms. (org.apache.kafka.storage.internals.log.ProducerStateManager)
[2024-05-09 11:47:28,005] INFO [ProducerStateManager partition=connect-status-0] Wrote producer snapshot at offset 36 with 0 producer ids in 3 ms. (org.apache.kafka.storage.internals.log.ProducerStateManager)
[2024-05-09 11:47:28,020] INFO [ProducerStateManager partition=connect-configs-0] Wrote producer snapshot at offset 40 with 0 producer ids in 2 ms. (org.apache.kafka.storage.internals.log.ProducerStateManager)
[2024-05-09 11:47:28,034] INFO [ProducerStateManager partition=connect-status-2] Wrote producer snapshot at offset 7 with 0 producer ids in 2 ms. (org.apache.kafka.storage.internals.log.ProducerStateManager)
[2024-05-09 11:47:28,049] INFO [ProducerStateManager partition=__consumer_offsets-13] Wrote producer snapshot at offset 37 with 0 producer ids in 1 ms. (org.apache.kafka.storage.internals.log.ProducerStateManager)
[2024-05-09 11:47:28,075] INFO [ProducerStateManager partition=connect-status-3] Wrote producer snapshot at offset 3 with 0 producer ids in 2 ms. (org.apache.kafka.storage.internals.log.ProducerStateManager)
[2024-05-09 11:47:28,082] INFO [ProducerStateManager partition=_confluent-ksql-default__command_topic-0] Wrote producer snapshot at offset 2 with 1 producer ids in 3 ms. (org.apache.kafka.storage.internals.log.ProducerStateManager)
[2024-05-09 11:47:28,214] INFO Shutdown complete. (kafka.log.LogManager)
[2024-05-09 11:47:28,215] INFO [broker-1-ThrottledChannelReaper-Fetch]: Shutting down (kafka.server.ClientQuotaManager$ThrottledChannelReaper)
[2024-05-09 11:47:28,218] INFO [broker-1-ThrottledChannelReaper-Fetch]: Stopped (kafka.server.ClientQuotaManager$ThrottledChannelReaper)
[2024-05-09 11:47:28,218] INFO [broker-1-ThrottledChannelReaper-Fetch]: Shutdown completed (kafka.server.ClientQuotaManager$ThrottledChannelReaper)
[2024-05-09 11:47:28,218] INFO [broker-1-ThrottledChannelReaper-Produce]: Shutting down (kafka.server.ClientQuotaManager$ThrottledChannelReaper)
[2024-05-09 11:47:28,219] INFO [broker-1-ThrottledChannelReaper-Produce]: Stopped (kafka.server.ClientQuotaManager$ThrottledChannelReaper)
[2024-05-09 11:47:28,219] INFO [broker-1-ThrottledChannelReaper-Produce]: Shutdown completed (kafka.server.ClientQuotaManager$ThrottledChannelReaper)
[2024-05-09 11:47:28,219] INFO [broker-1-ThrottledChannelReaper-Request]: Shutting down (kafka.server.ClientQuotaManager$ThrottledChannelReaper)
[2024-05-09 11:47:28,220] INFO [broker-1-ThrottledChannelReaper-Request]: Stopped (kafka.server.ClientQuotaManager$ThrottledChannelReaper)
[2024-05-09 11:47:28,220] INFO [broker-1-ThrottledChannelReaper-Request]: Shutdown completed (kafka.server.ClientQuotaManager$ThrottledChannelReaper)
[2024-05-09 11:47:28,220] INFO [broker-1-ThrottledChannelReaper-ControllerMutation]: Shutting down (kafka.server.ClientQuotaManager$ThrottledChannelReaper)
[2024-05-09 11:47:28,220] INFO [broker-1-ThrottledChannelReaper-ControllerMutation]: Stopped (kafka.server.ClientQuotaManager$ThrottledChannelReaper)
[2024-05-09 11:47:28,220] INFO [broker-1-ThrottledChannelReaper-ControllerMutation]: Shutdown completed (kafka.server.ClientQuotaManager$ThrottledChannelReaper)
[2024-05-09 11:47:28,221] INFO [SocketServer listenerType=BROKER, nodeId=1] Shutting down socket server (kafka.network.SocketServer)
[2024-05-09 11:47:28,248] INFO [SocketServer listenerType=BROKER, nodeId=1] Shutdown completed (kafka.network.SocketServer)
[2024-05-09 11:47:28,249] INFO Broker and topic stats closed (kafka.server.BrokerTopicStats)
[2024-05-09 11:47:28,249] INFO [BrokerLifecycleManager id=1] closed event queue. (org.apache.kafka.queue.KafkaEventQueue)
[2024-05-09 11:47:28,251] INFO [BrokerServer id=1] shut down completed (kafka.server.BrokerServer)
[2024-05-09 11:47:28,251] INFO [BrokerServer id=1] Transition from SHUTTING_DOWN to SHUTDOWN (kafka.server.BrokerServer)
[2024-05-09 11:47:28,253] INFO [ControllerServer id=1] shutting down (kafka.server.ControllerServer)
[2024-05-09 11:47:28,254] INFO [raft-expiration-reaper]: Shutting down (kafka.raft.TimingWheelExpirationService$ExpiredOperationReaper)
[2024-05-09 11:47:28,455] INFO [raft-expiration-reaper]: Stopped (kafka.raft.TimingWheelExpirationService$ExpiredOperationReaper)
[2024-05-09 11:47:28,455] INFO [raft-expiration-reaper]: Shutdown completed (kafka.raft.TimingWheelExpirationService$ExpiredOperationReaper)
[2024-05-09 11:47:28,456] INFO [kafka-1-raft-io-thread]: Shutting down (kafka.raft.KafkaRaftManager$RaftIoThread)
[2024-05-09 11:47:28,456] INFO [RaftManager id=1] Beginning graceful shutdown (org.apache.kafka.raft.KafkaRaftClient)
[2024-05-09 11:47:28,459] INFO [RaftManager id=1] Graceful shutdown completed (org.apache.kafka.raft.KafkaRaftClient)
[2024-05-09 11:47:28,460] INFO [kafka-1-raft-io-thread]: Completed graceful shutdown of RaftClient (kafka.raft.KafkaRaftManager$RaftIoThread)
[2024-05-09 11:47:28,460] INFO [kafka-1-raft-io-thread]: Stopped (kafka.raft.KafkaRaftManager$RaftIoThread)
[2024-05-09 11:47:28,460] INFO [kafka-1-raft-io-thread]: Shutdown completed (kafka.raft.KafkaRaftManager$RaftIoThread)
[2024-05-09 11:47:28,464] INFO [kafka-1-raft-outbound-request-thread]: Shutting down (org.apache.kafka.raft.KafkaNetworkChannel$SendThread)
[2024-05-09 11:47:28,465] INFO [kafka-1-raft-outbound-request-thread]: Stopped (org.apache.kafka.raft.KafkaNetworkChannel$SendThread)
[2024-05-09 11:47:28,465] INFO [kafka-1-raft-outbound-request-thread]: Shutdown completed (org.apache.kafka.raft.KafkaNetworkChannel$SendThread)
[2024-05-09 11:47:28,467] INFO [ProducerStateManager partition=__cluster_metadata-0] Wrote producer snapshot at offset 19383 with 0 producer ids in 1 ms. (org.apache.kafka.storage.internals.log.ProducerStateManager)
[2024-05-09 11:47:28,471] INFO [ControllerRegistrationManager id=1 incarnation=qC0cEKrTTYejK0oqjMRPVQ] beginShutdown: shutting down event queue. (org.apache.kafka.queue.KafkaEventQueue)
[2024-05-09 11:47:28,473] INFO [ControllerRegistrationManager id=1 incarnation=qC0cEKrTTYejK0oqjMRPVQ] shutting down. (kafka.server.ControllerRegistrationManager)
[2024-05-09 11:47:28,473] INFO [controller-1-to-controller-registration-channel-manager]: Shutting down (kafka.server.NodeToControllerRequestThread)
[2024-05-09 11:47:28,473] INFO [controller-1-to-controller-registration-channel-manager]: Stopped (kafka.server.NodeToControllerRequestThread)
[2024-05-09 11:47:28,473] INFO [controller-1-to-controller-registration-channel-manager]: Shutdown completed (kafka.server.NodeToControllerRequestThread)
[2024-05-09 11:47:28,474] INFO Node to controller channel manager for registration shutdown (kafka.server.NodeToControllerChannelManagerImpl)
[2024-05-09 11:47:28,474] INFO [ControllerRegistrationManager id=1 incarnation=qC0cEKrTTYejK0oqjMRPVQ] closed event queue. (org.apache.kafka.queue.KafkaEventQueue)
[2024-05-09 11:47:28,474] INFO [controller-1-to-controller-registration-channel-manager]: Shutdown completed (kafka.server.NodeToControllerRequestThread)
[2024-05-09 11:47:28,474] WARN [NodeToControllerChannelManager id=1 name=registration] Attempting to close NetworkClient that has already been closed. (org.apache.kafka.clients.NetworkClient)
[2024-05-09 11:47:28,474] INFO Node to controller channel manager for registration shutdown (kafka.server.NodeToControllerChannelManagerImpl)
[2024-05-09 11:47:28,474] INFO [ControllerRegistrationManager id=1 incarnation=qC0cEKrTTYejK0oqjMRPVQ] closed event queue. (org.apache.kafka.queue.KafkaEventQueue)
[2024-05-09 11:47:28,476] INFO [SocketServer listenerType=CONTROLLER, nodeId=1] Stopping socket server request processors (kafka.network.SocketServer)
[2024-05-09 11:47:28,480] INFO [SocketServer listenerType=CONTROLLER, nodeId=1] Stopped socket server request processors (kafka.network.SocketServer)
[2024-05-09 11:47:28,482] INFO [QuorumController id=1] QuorumController#beginShutdown: shutting down event queue. (org.apache.kafka.queue.KafkaEventQueue)
[2024-05-09 11:47:28,482] INFO [SocketServer listenerType=CONTROLLER, nodeId=1] Shutting down socket server (kafka.network.SocketServer)
[2024-05-09 11:47:28,494] INFO [SocketServer listenerType=CONTROLLER, nodeId=1] Shutdown completed (kafka.network.SocketServer)
[2024-05-09 11:47:28,494] INFO [data-plane Kafka Request Handler on Broker 1], shutting down (kafka.server.KafkaRequestHandlerPool)
[2024-05-09 11:47:28,495] INFO [data-plane Kafka Request Handler on Broker 1], shut down completely (kafka.server.KafkaRequestHandlerPool)
[2024-05-09 11:47:28,496] INFO [ExpirationReaper-1-AlterAcls]: Shutting down (kafka.server.DelayedOperationPurgatory$ExpiredOperationReaper)
[2024-05-09 11:47:28,496] INFO [ExpirationReaper-1-AlterAcls]: Stopped (kafka.server.DelayedOperationPurgatory$ExpiredOperationReaper)
[2024-05-09 11:47:28,496] INFO [ExpirationReaper-1-AlterAcls]: Shutdown completed (kafka.server.DelayedOperationPurgatory$ExpiredOperationReaper)
[2024-05-09 11:47:28,497] INFO [controller-1-ThrottledChannelReaper-Fetch]: Shutting down (kafka.server.ClientQuotaManager$ThrottledChannelReaper)
[2024-05-09 11:47:28,497] INFO [controller-1-ThrottledChannelReaper-Fetch]: Stopped (kafka.server.ClientQuotaManager$ThrottledChannelReaper)
[2024-05-09 11:47:28,497] INFO [controller-1-ThrottledChannelReaper-Fetch]: Shutdown completed (kafka.server.ClientQuotaManager$ThrottledChannelReaper)
[2024-05-09 11:47:28,497] INFO [controller-1-ThrottledChannelReaper-Produce]: Shutting down (kafka.server.ClientQuotaManager$ThrottledChannelReaper)
[2024-05-09 11:47:28,497] INFO [controller-1-ThrottledChannelReaper-Produce]: Stopped (kafka.server.ClientQuotaManager$ThrottledChannelReaper)
[2024-05-09 11:47:28,497] INFO [controller-1-ThrottledChannelReaper-Produce]: Shutdown completed (kafka.server.ClientQuotaManager$ThrottledChannelReaper)
[2024-05-09 11:47:28,498] INFO [controller-1-ThrottledChannelReaper-Request]: Shutting down (kafka.server.ClientQuotaManager$ThrottledChannelReaper)
[2024-05-09 11:47:28,498] INFO [controller-1-ThrottledChannelReaper-Request]: Stopped (kafka.server.ClientQuotaManager$ThrottledChannelReaper)
[2024-05-09 11:47:28,498] INFO [controller-1-ThrottledChannelReaper-Request]: Shutdown completed (kafka.server.ClientQuotaManager$ThrottledChannelReaper)
[2024-05-09 11:47:28,498] INFO [controller-1-ThrottledChannelReaper-ControllerMutation]: Shutting down (kafka.server.ClientQuotaManager$ThrottledChannelReaper)
[2024-05-09 11:47:28,498] INFO [controller-1-ThrottledChannelReaper-ControllerMutation]: Stopped (kafka.server.ClientQuotaManager$ThrottledChannelReaper)
[2024-05-09 11:47:28,498] INFO [controller-1-ThrottledChannelReaper-ControllerMutation]: Shutdown completed (kafka.server.ClientQuotaManager$ThrottledChannelReaper)
[2024-05-09 11:47:28,498] INFO [QuorumController id=1] closed event queue. (org.apache.kafka.queue.KafkaEventQueue)
[2024-05-09 11:47:28,501] INFO [SharedServer id=1] Stopping SharedServer (kafka.server.SharedServer)
[2024-05-09 11:47:28,501] INFO [MetadataLoader id=1] beginShutdown: shutting down event queue. (org.apache.kafka.queue.KafkaEventQueue)
[2024-05-09 11:47:28,501] INFO [SnapshotGenerator id=1] close: shutting down event queue. (org.apache.kafka.queue.KafkaEventQueue)
[2024-05-09 11:47:28,502] INFO [SnapshotGenerator id=1] closed event queue. (org.apache.kafka.queue.KafkaEventQueue)
[2024-05-09 11:47:28,502] INFO [MetadataLoader id=1] closed event queue. (org.apache.kafka.queue.KafkaEventQueue)
[2024-05-09 11:47:28,503] INFO [SnapshotGenerator id=1] closed event queue. (org.apache.kafka.queue.KafkaEventQueue)
[2024-05-09 11:47:28,505] INFO Metrics scheduler closed (org.apache.kafka.common.metrics.Metrics)
[2024-05-09 11:47:28,505] INFO Closing reporter org.apache.kafka.common.metrics.JmxReporter (org.apache.kafka.common.metrics.Metrics)
[2024-05-09 11:47:28,505] INFO Metrics reporters closed (org.apache.kafka.common.metrics.Metrics)
[2024-05-09 11:47:28,505] INFO App info kafka.server for 1 unregistered (org.apache.kafka.common.utils.AppInfoParser)
[2024-05-09 11:47:28,506] INFO App info kafka.server for 1 unregistered (org.apache.kafka.common.utils.AppInfoParser)
