[2024-05-09 10:08:50,578] ERROR Failed to drop connector: {"error_code":404,"message":"Connector JDBC_SOURCE_MYSQL_01 not found"} (io.confluent.ksql.cli.console.Console:349)
[2024-05-09 10:09:02,662] ERROR Failed to drop connector: {"error_code":404,"message":"Connector JDBC_SOURCE_ORACLE_01 not found"} (io.confluent.ksql.cli.console.Console:349)
[2024-05-09 10:10:13,851] ERROR Failed to drop connector: {"error_code":404,"message":"Connector JDBC_SOURCE_MYSQL_01 not found"} (io.confluent.ksql.cli.console.Console:349)
[2024-05-09 10:10:59,452] ERROR Failed to drop connector: {"error_code":404,"message":"Connector JDBC_SOURCE_MYSQL_01 not found"} (io.confluent.ksql.cli.console.Console:349)
[2024-05-09 10:11:03,832] ERROR Failed to drop connector: {"error_code":404,"message":"Connector JDBC_SOURCE_MYSQL_01 not found"} (io.confluent.ksql.cli.console.Console:349)
[2024-05-09 10:11:26,861] ERROR An error occurred while running a command. Error = line 1:6: Syntax error at line 1:6 (io.confluent.ksql.cli.Cli:320)
io.confluent.ksql.parser.exception.ParseFailedException: line 1:6: Syntax error at line 1:6
	at io.confluent.ksql.parser.DefaultKsqlParser.parse(DefaultKsqlParser.java:56)
	at io.confluent.ksql.cli.Cli.handleStatements(Cli.java:482)
	at io.confluent.ksql.cli.Cli.handleLine(Cli.java:423)
	at io.confluent.ksql.cli.Cli.runInteractively(Cli.java:314)
	at io.confluent.ksql.Ksql.run(Ksql.java:134)
	at io.confluent.ksql.Ksql.main(Ksql.java:79)
Caused by: io.confluent.ksql.parser.ParsingException: line 1:6: Syntax error at line 1:6
	at io.confluent.ksql.parser.SyntaxErrorValidator.syntaxError(SyntaxErrorValidator.java:162)
	at org.antlr.v4.runtime.ProxyErrorListener.syntaxError(ProxyErrorListener.java:41)
	at org.antlr.v4.runtime.Parser.notifyErrorListeners(Parser.java:544)
	at org.antlr.v4.runtime.DefaultErrorStrategy.reportNoViableAlternative(DefaultErrorStrategy.java:310)
	at org.antlr.v4.runtime.DefaultErrorStrategy.reportError(DefaultErrorStrategy.java:136)
	at io.confluent.ksql.parser.SqlBaseParser.statement(SqlBaseParser.java:2526)
	at io.confluent.ksql.parser.SqlBaseParser.singleStatement(SqlBaseParser.java:377)
	at io.confluent.ksql.parser.SqlBaseParser.statements(SqlBaseParser.java:240)
	at io.confluent.ksql.parser.DefaultKsqlParser.getParseTree(DefaultKsqlParser.java:121)
	at io.confluent.ksql.parser.DefaultKsqlParser.parse(DefaultKsqlParser.java:45)
	... 5 more
[2024-05-09 10:11:26,883] ERROR io.confluent.ksql.parser.exception.ParseFailedException: line 1:6: Syntax error at line 1:6 (io.confluent.ksql.cli.console.Console:349)
[2024-05-09 10:11:34,452] ERROR An error occurred while running a command. Error = line 1:12: Syntax error at line 1:12 (io.confluent.ksql.cli.Cli:320)
io.confluent.ksql.parser.exception.ParseFailedException: line 1:12: Syntax error at line 1:12
	at io.confluent.ksql.parser.DefaultKsqlParser.parse(DefaultKsqlParser.java:56)
	at io.confluent.ksql.cli.Cli.handleStatements(Cli.java:482)
	at io.confluent.ksql.cli.Cli.handleLine(Cli.java:423)
	at io.confluent.ksql.cli.Cli.runInteractively(Cli.java:314)
	at io.confluent.ksql.Ksql.run(Ksql.java:134)
	at io.confluent.ksql.Ksql.main(Ksql.java:79)
Caused by: io.confluent.ksql.parser.ParsingException: line 1:12: Syntax error at line 1:12
	at io.confluent.ksql.parser.SyntaxErrorValidator.syntaxError(SyntaxErrorValidator.java:162)
	at org.antlr.v4.runtime.ProxyErrorListener.syntaxError(ProxyErrorListener.java:41)
	at org.antlr.v4.runtime.Parser.notifyErrorListeners(Parser.java:544)
	at org.antlr.v4.runtime.DefaultErrorStrategy.reportMissingToken(DefaultErrorStrategy.java:409)
	at org.antlr.v4.runtime.DefaultErrorStrategy.singleTokenInsertion(DefaultErrorStrategy.java:519)
	at org.antlr.v4.runtime.DefaultErrorStrategy.recoverInline(DefaultErrorStrategy.java:476)
	at org.antlr.v4.runtime.Parser.match(Parser.java:206)
	at io.confluent.ksql.parser.SqlBaseParser.statement(SqlBaseParser.java:1581)
	at io.confluent.ksql.parser.SqlBaseParser.singleStatement(SqlBaseParser.java:377)
	at io.confluent.ksql.parser.SqlBaseParser.statements(SqlBaseParser.java:240)
	at io.confluent.ksql.parser.DefaultKsqlParser.getParseTree(DefaultKsqlParser.java:121)
	at io.confluent.ksql.parser.DefaultKsqlParser.parse(DefaultKsqlParser.java:45)
	... 5 more
[2024-05-09 10:11:34,454] ERROR io.confluent.ksql.parser.exception.ParseFailedException: line 1:12: Syntax error at line 1:12 (io.confluent.ksql.cli.console.Console:349)
[2024-05-09 10:12:19,908] ERROR No value present (io.confluent.ksql.cli.console.Console:349)
[2024-05-09 10:12:59,833] ERROR An error occurred while running a command. Error = line 1:17: Syntax error at line 1:17 (io.confluent.ksql.cli.Cli:320)
io.confluent.ksql.parser.exception.ParseFailedException: line 1:17: Syntax error at line 1:17
	at io.confluent.ksql.parser.DefaultKsqlParser.parse(DefaultKsqlParser.java:56)
	at io.confluent.ksql.cli.Cli.handleStatements(Cli.java:482)
	at io.confluent.ksql.cli.Cli.handleLine(Cli.java:423)
	at io.confluent.ksql.cli.Cli.runInteractively(Cli.java:314)
	at io.confluent.ksql.Ksql.run(Ksql.java:134)
	at io.confluent.ksql.Ksql.main(Ksql.java:79)
Caused by: io.confluent.ksql.parser.ParsingException: line 1:17: Syntax error at line 1:17
	at io.confluent.ksql.parser.SyntaxErrorValidator.syntaxError(SyntaxErrorValidator.java:162)
	at org.antlr.v4.runtime.ProxyErrorListener.syntaxError(ProxyErrorListener.java:41)
	at org.antlr.v4.runtime.Parser.notifyErrorListeners(Parser.java:544)
	at org.antlr.v4.runtime.DefaultErrorStrategy.reportUnwantedToken(DefaultErrorStrategy.java:377)
	at org.antlr.v4.runtime.DefaultErrorStrategy.singleTokenDeletion(DefaultErrorStrategy.java:548)
	at org.antlr.v4.runtime.DefaultErrorStrategy.recoverInline(DefaultErrorStrategy.java:467)
	at org.antlr.v4.runtime.Parser.match(Parser.java:206)
	at io.confluent.ksql.parser.SqlBaseParser.singleStatement(SqlBaseParser.java:379)
	at io.confluent.ksql.parser.SqlBaseParser.statements(SqlBaseParser.java:240)
	at io.confluent.ksql.parser.DefaultKsqlParser.getParseTree(DefaultKsqlParser.java:121)
	at io.confluent.ksql.parser.DefaultKsqlParser.parse(DefaultKsqlParser.java:45)
	... 5 more
[2024-05-09 10:12:59,833] ERROR io.confluent.ksql.parser.exception.ParseFailedException: line 1:17: Syntax error at line 1:17 (io.confluent.ksql.cli.console.Console:349)
[2024-05-09 10:13:04,208] ERROR An error occurred while running a command. Error = line 1:16: Syntax error at line 1:16 (io.confluent.ksql.cli.Cli:320)
io.confluent.ksql.parser.exception.ParseFailedException: line 1:16: Syntax error at line 1:16
	at io.confluent.ksql.parser.DefaultKsqlParser.parse(DefaultKsqlParser.java:56)
	at io.confluent.ksql.cli.Cli.handleStatements(Cli.java:482)
	at io.confluent.ksql.cli.Cli.handleLine(Cli.java:423)
	at io.confluent.ksql.cli.Cli.runInteractively(Cli.java:314)
	at io.confluent.ksql.Ksql.run(Ksql.java:134)
	at io.confluent.ksql.Ksql.main(Ksql.java:79)
Caused by: io.confluent.ksql.parser.ParsingException: line 1:16: Syntax error at line 1:16
	at io.confluent.ksql.parser.SyntaxErrorValidator.syntaxError(SyntaxErrorValidator.java:162)
	at org.antlr.v4.runtime.ProxyErrorListener.syntaxError(ProxyErrorListener.java:41)
	at org.antlr.v4.runtime.Parser.notifyErrorListeners(Parser.java:544)
	at org.antlr.v4.runtime.DefaultErrorStrategy.reportInputMismatch(DefaultErrorStrategy.java:327)
	at org.antlr.v4.runtime.DefaultErrorStrategy.reportError(DefaultErrorStrategy.java:139)
	at io.confluent.ksql.parser.SqlBaseParser.statement(SqlBaseParser.java:2526)
	at io.confluent.ksql.parser.SqlBaseParser.singleStatement(SqlBaseParser.java:377)
	at io.confluent.ksql.parser.SqlBaseParser.statements(SqlBaseParser.java:240)
	at io.confluent.ksql.parser.DefaultKsqlParser.getParseTree(DefaultKsqlParser.java:121)
	at io.confluent.ksql.parser.DefaultKsqlParser.parse(DefaultKsqlParser.java:45)
	... 5 more
[2024-05-09 10:13:04,208] ERROR io.confluent.ksql.parser.exception.ParseFailedException: line 1:16: Syntax error at line 1:16 (io.confluent.ksql.cli.console.Console:349)
[2024-05-09 10:13:13,333] ERROR An error occurred while running a command. Error = line 1:1: Syntax error at line 1:1 (io.confluent.ksql.cli.Cli:320)
io.confluent.ksql.parser.exception.ParseFailedException: line 1:1: Syntax error at line 1:1
	at io.confluent.ksql.parser.DefaultKsqlParser.parse(DefaultKsqlParser.java:56)
	at io.confluent.ksql.cli.Cli.handleStatements(Cli.java:482)
	at io.confluent.ksql.cli.Cli.handleLine(Cli.java:423)
	at io.confluent.ksql.cli.Cli.runInteractively(Cli.java:314)
	at io.confluent.ksql.Ksql.run(Ksql.java:134)
	at io.confluent.ksql.Ksql.main(Ksql.java:79)
Caused by: io.confluent.ksql.parser.ParsingException: line 1:1: Syntax error at line 1:1
	at io.confluent.ksql.parser.SyntaxErrorValidator.syntaxError(SyntaxErrorValidator.java:162)
	at org.antlr.v4.runtime.ProxyErrorListener.syntaxError(ProxyErrorListener.java:41)
	at org.antlr.v4.runtime.Parser.notifyErrorListeners(Parser.java:544)
	at org.antlr.v4.runtime.DefaultErrorStrategy.reportInputMismatch(DefaultErrorStrategy.java:327)
	at org.antlr.v4.runtime.DefaultErrorStrategy.reportError(DefaultErrorStrategy.java:139)
	at io.confluent.ksql.parser.SqlBaseParser.statements(SqlBaseParser.java:253)
	at io.confluent.ksql.parser.DefaultKsqlParser.getParseTree(DefaultKsqlParser.java:121)
	at io.confluent.ksql.parser.DefaultKsqlParser.parse(DefaultKsqlParser.java:45)
	... 5 more
[2024-05-09 10:13:13,334] ERROR io.confluent.ksql.parser.exception.ParseFailedException: line 1:1: Syntax error at line 1:1 (io.confluent.ksql.cli.console.Console:349)
[2024-05-09 10:13:25,888] ERROR Failed to drop connector: {"error_code":404,"message":"Connector JDBC_SOURCE_MYSQL_01 not found"} (io.confluent.ksql.cli.console.Console:349)
[2024-05-09 10:13:51,639] ERROR Failed to drop connector: {"error_code":404,"message":"Connector JDBC_SOURCE_MYSQL_01 not found"} (io.confluent.ksql.cli.console.Console:349)
[2024-05-09 10:14:03,115] ERROR Failed to drop connector: {"error_code":404,"message":"Connector JDBC_SOURCE_ORACLE_01 not found"} (io.confluent.ksql.cli.console.Console:349)
[2024-05-09 10:16:24,177] ERROR Failed to drop connector: {"error_code":404,"message":"Connector JDBC_SOURCE_MYSQL_01 not found"} (io.confluent.ksql.cli.console.Console:349)
[2024-05-09 10:17:12,782] ERROR Failed to drop connector: {"error_code":404,"message":"Connector JDBC_SOURCE_MYSQL_01 not found"} (io.confluent.ksql.cli.console.Console:349)
[2024-05-09 10:17:30,960] ERROR Failed to drop connector: {"error_code":404,"message":"Connector JDBC_SOURCE_ORACLE_01 not found"} (io.confluent.ksql.cli.console.Console:349)
[2024-05-09 10:18:13,081] ERROR An error occurred while running a command. Error = line 1:17: Syntax error at line 1:17 (io.confluent.ksql.cli.Cli:320)
io.confluent.ksql.parser.exception.ParseFailedException: line 1:17: Syntax error at line 1:17
	at io.confluent.ksql.parser.DefaultKsqlParser.parse(DefaultKsqlParser.java:56)
	at io.confluent.ksql.cli.Cli.handleStatements(Cli.java:482)
	at io.confluent.ksql.cli.Cli.handleLine(Cli.java:423)
	at io.confluent.ksql.cli.Cli.runInteractively(Cli.java:314)
	at io.confluent.ksql.Ksql.run(Ksql.java:134)
	at io.confluent.ksql.Ksql.main(Ksql.java:79)
Caused by: io.confluent.ksql.parser.ParsingException: line 1:17: Syntax error at line 1:17
	at io.confluent.ksql.parser.SyntaxErrorValidator.syntaxError(SyntaxErrorValidator.java:162)
	at org.antlr.v4.runtime.ProxyErrorListener.syntaxError(ProxyErrorListener.java:41)
	at org.antlr.v4.runtime.Parser.notifyErrorListeners(Parser.java:544)
	at org.antlr.v4.runtime.DefaultErrorStrategy.reportUnwantedToken(DefaultErrorStrategy.java:377)
	at org.antlr.v4.runtime.DefaultErrorStrategy.sync(DefaultErrorStrategy.java:275)
	at io.confluent.ksql.parser.SqlBaseParser.statements(SqlBaseParser.java:244)
	at io.confluent.ksql.parser.DefaultKsqlParser.getParseTree(DefaultKsqlParser.java:121)
	at io.confluent.ksql.parser.DefaultKsqlParser.parse(DefaultKsqlParser.java:45)
	... 5 more
[2024-05-09 10:18:13,082] ERROR io.confluent.ksql.parser.exception.ParseFailedException: line 1:17: Syntax error at line 1:17 (io.confluent.ksql.cli.console.Console:349)
